Thu Jul 12 09:27:43 Saved as file I:\WATER MONITRING SYSTEM\WATER MONITORING SYSTEM.MAX
Thu Jul 12 09:27:43 Saved as file BACKUP1.MAX
Thu Jul 12 09:27:43 Saved as file I:\WATER MONITRING SYSTEM\WATER MONITORING SYSTEM.MAX
Thu Jul 12 09:27:43 UserDiv from Layout.INI for AutoECO: 60
Thu Jul 12 09:27:43 Loaded file I:\WATER MONITRING SYSTEM\WATER MONITORING SYSTEM.MAX
Thu Jul 12 09:27:43 Loaded file C:\USERS\USER\DESKTOP\ORCAD 9.2 FULL CD + WEB UPDATES\LIBRARIES\LAYOUT\BCON100T.LLB
Thu Jul 12 09:27:43 Loaded file C:\USERS\USER\DESKTOP\ORCAD 9.2 FULL CD + WEB UPDATES\LIBRARIES\LAYOUT\BCON156T.LLB
Thu Jul 12 09:27:43 Loaded file C:\USERS\USER\DESKTOP\ORCAD 9.2 FULL CD + WEB UPDATES\LIBRARIES\LAYOUT\BGA.LLB
Thu Jul 12 09:27:43 Loaded file C:\USERS\USER\DESKTOP\ORCAD 9.2 FULL CD + WEB UPDATES\LIBRARIES\LAYOUT\CAPACITORS.LLB
Thu Jul 12 09:27:43 Loaded file C:\USERS\USER\DESKTOP\ORCAD 9.2 FULL CD + WEB UPDATES\LIBRARIES\LAYOUT\CLCC.LLB
Thu Jul 12 09:27:43 Loaded file C:\USERS\USER\DESKTOP\ORCAD 9.2 FULL CD + WEB UPDATES\LIBRARIES\LAYOUT\CONNECTOR.LLB
Thu Jul 12 09:27:43 Loaded file C:\USERS\USER\DESKTOP\ORCAD 9.2 FULL CD + WEB UPDATES\LIBRARIES\LAYOUT\DCON050T.LLB
Thu Jul 12 09:27:43 Loaded file C:\USERS\USER\DESKTOP\ORCAD 9.2 FULL CD + WEB UPDATES\LIBRARIES\LAYOUT\DCON085T.LLB
Thu Jul 12 09:27:43 Loaded file C:\USERS\USER\DESKTOP\ORCAD 9.2 FULL CD + WEB UPDATES\LIBRARIES\LAYOUT\DIMM050F.LLB
Thu Jul 12 09:27:43 Loaded file C:\USERS\USER\DESKTOP\ORCAD 9.2 FULL CD + WEB UPDATES\LIBRARIES\LAYOUT\DIMM050T.LLB
Thu Jul 12 09:27:43 Loaded file C:\USERS\USER\DESKTOP\ORCAD 9.2 FULL CD + WEB UPDATES\LIBRARIES\LAYOUT\DIN.LLB
Thu Jul 12 09:27:43 Loaded file C:\USERS\USER\DESKTOP\ORCAD 9.2 FULL CD + WEB UPDATES\LIBRARIES\LAYOUT\DIODES.LLB
Thu Jul 12 09:27:43 Loaded file C:\USERS\USER\DESKTOP\ORCAD 9.2 FULL CD + WEB UPDATES\LIBRARIES\LAYOUT\DIP100B.LLB
Thu Jul 12 09:27:43 Loaded file C:\USERS\USER\DESKTOP\ORCAD 9.2 FULL CD + WEB UPDATES\LIBRARIES\LAYOUT\DIP100T.LLB
Thu Jul 12 09:27:43 Loaded file C:\USERS\USER\DESKTOP\ORCAD 9.2 FULL CD + WEB UPDATES\LIBRARIES\LAYOUT\DSUBT.LLB
Thu Jul 12 09:27:43 Loaded file C:\USERS\USER\DESKTOP\ORCAD 9.2 FULL CD + WEB UPDATES\LIBRARIES\LAYOUT\DSUBT_HD.LLB
Thu Jul 12 09:27:43 Loaded file C:\USERS\USER\DESKTOP\ORCAD 9.2 FULL CD + WEB UPDATES\LIBRARIES\LAYOUT\ECON100T.LLB
Thu Jul 12 09:27:43 Loaded file C:\USERS\USER\DESKTOP\ORCAD 9.2 FULL CD + WEB UPDATES\LIBRARIES\LAYOUT\EMPTY.LLB
Thu Jul 12 09:27:43 Loaded file C:\USERS\USER\DESKTOP\ORCAD 9.2 FULL CD + WEB UPDATES\LIBRARIES\LAYOUT\EX_GUI.LLB
Thu Jul 12 09:27:43 Loaded file C:\USERS\USER\DESKTOP\ORCAD 9.2 FULL CD + WEB UPDATES\LIBRARIES\LAYOUT\FBUS.LLB
Thu Jul 12 09:27:43 Loaded file C:\USERS\USER\DESKTOP\ORCAD 9.2 FULL CD + WEB UPDATES\LIBRARIES\LAYOUT\FOOTERS.LLB
Thu Jul 12 09:27:43 Loaded file C:\USERS\USER\DESKTOP\ORCAD 9.2 FULL CD + WEB UPDATES\LIBRARIES\LAYOUT\ISA.LLB
Thu Jul 12 09:27:43 Loaded file C:\USERS\USER\DESKTOP\ORCAD 9.2 FULL CD + WEB UPDATES\LIBRARIES\LAYOUT\JUMPER.LLB
Thu Jul 12 09:27:43 Loaded file C:\USERS\USER\DESKTOP\ORCAD 9.2 FULL CD + WEB UPDATES\LIBRARIES\LAYOUT\LAYOUT.LLB
Thu Jul 12 09:27:43 Loaded file C:\USERS\USER\DESKTOP\ORCAD 9.2 FULL CD + WEB UPDATES\LIBRARIES\LAYOUT\LCON100T.LLB
Thu Jul 12 09:27:43 Loaded file C:\USERS\USER\DESKTOP\ORCAD 9.2 FULL CD + WEB UPDATES\LIBRARIES\LAYOUT\METRIC.LLB
Thu Jul 12 09:27:43 Loaded file C:\USERS\USER\DESKTOP\ORCAD 9.2 FULL CD + WEB UPDATES\LIBRARIES\LAYOUT\NEO.LLB
Thu Jul 12 09:27:43 Loaded file C:\USERS\USER\DESKTOP\ORCAD 9.2 FULL CD + WEB UPDATES\LIBRARIES\LAYOUT\PADSTACK.LLB
Thu Jul 12 09:27:43 Loaded file C:\USERS\USER\DESKTOP\ORCAD 9.2 FULL CD + WEB UPDATES\LIBRARIES\LAYOUT\PC104.LLB
Thu Jul 12 09:27:43 Loaded file C:\USERS\USER\DESKTOP\ORCAD 9.2 FULL CD + WEB UPDATES\LIBRARIES\LAYOUT\PCI.LLB
Thu Jul 12 09:27:43 Loaded file C:\USERS\USER\DESKTOP\ORCAD 9.2 FULL CD + WEB UPDATES\LIBRARIES\LAYOUT\PCON100T.LLB
Thu Jul 12 09:27:43 Loaded file C:\USERS\USER\DESKTOP\ORCAD 9.2 FULL CD + WEB UPDATES\LIBRARIES\LAYOUT\PCON156T.LLB
Thu Jul 12 09:27:43 Loaded file C:\USERS\USER\DESKTOP\ORCAD 9.2 FULL CD + WEB UPDATES\LIBRARIES\LAYOUT\PGA.LLB
Thu Jul 12 09:27:43 Loaded file C:\USERS\USER\DESKTOP\ORCAD 9.2 FULL CD + WEB UPDATES\LIBRARIES\LAYOUT\PLCC.LLB
Thu Jul 12 09:27:43 Loaded file C:\USERS\USER\DESKTOP\ORCAD 9.2 FULL CD + WEB UPDATES\LIBRARIES\LAYOUT\QUAD.LLB
Thu Jul 12 09:27:43 Loaded file C:\USERS\USER\DESKTOP\ORCAD 9.2 FULL CD + WEB UPDATES\LIBRARIES\LAYOUT\QUADB.LLB
Thu Jul 12 09:27:43 Loaded file C:\USERS\USER\DESKTOP\ORCAD 9.2 FULL CD + WEB UPDATES\LIBRARIES\LAYOUT\REGULATORS.LLB
Thu Jul 12 09:27:43 Loaded file C:\USERS\USER\DESKTOP\ORCAD 9.2 FULL CD + WEB UPDATES\LIBRARIES\LAYOUT\RELAY.LLB
Thu Jul 12 09:27:44 Loaded file C:\USERS\USER\DESKTOP\ORCAD 9.2 FULL CD + WEB UPDATES\LIBRARIES\LAYOUT\RESISTORS.LLB
Thu Jul 12 09:27:44 Loaded file C:\USERS\USER\DESKTOP\ORCAD 9.2 FULL CD + WEB UPDATES\LIBRARIES\LAYOUT\RF.LLB
Thu Jul 12 09:27:44 Loaded file C:\USERS\USER\DESKTOP\ORCAD 9.2 FULL CD + WEB UPDATES\LIBRARIES\LAYOUT\SBUS.LLB
Thu Jul 12 09:27:44 Loaded file C:\USERS\USER\DESKTOP\ORCAD 9.2 FULL CD + WEB UPDATES\LIBRARIES\LAYOUT\SIMM050F.LLB
Thu Jul 12 09:27:44 Loaded file C:\USERS\USER\DESKTOP\ORCAD 9.2 FULL CD + WEB UPDATES\LIBRARIES\LAYOUT\SIMM050T.LLB
Thu Jul 12 09:27:44 Loaded file C:\USERS\USER\DESKTOP\ORCAD 9.2 FULL CD + WEB UPDATES\LIBRARIES\LAYOUT\SIMM100F.LLB
Thu Jul 12 09:27:44 Loaded file C:\USERS\USER\DESKTOP\ORCAD 9.2 FULL CD + WEB UPDATES\LIBRARIES\LAYOUT\SIMM100T.LLB
Thu Jul 12 09:27:44 Loaded file C:\USERS\USER\DESKTOP\ORCAD 9.2 FULL CD + WEB UPDATES\LIBRARIES\LAYOUT\SIP.LLB
Thu Jul 12 09:27:44 Loaded file C:\USERS\USER\DESKTOP\ORCAD 9.2 FULL CD + WEB UPDATES\LIBRARIES\LAYOUT\SM.LLB
Thu Jul 12 09:27:44 Loaded file C:\USERS\USER\DESKTOP\ORCAD 9.2 FULL CD + WEB UPDATES\LIBRARIES\LAYOUT\SOG.LLB
Thu Jul 12 09:27:44 Loaded file C:\USERS\USER\DESKTOP\ORCAD 9.2 FULL CD + WEB UPDATES\LIBRARIES\LAYOUT\SOJ.LLB
Thu Jul 12 09:27:44 Loaded file C:\USERS\USER\DESKTOP\ORCAD 9.2 FULL CD + WEB UPDATES\LIBRARIES\LAYOUT\STIFF.LLB
Thu Jul 12 09:27:44 Loaded file C:\USERS\USER\DESKTOP\ORCAD 9.2 FULL CD + WEB UPDATES\LIBRARIES\LAYOUT\SWITCH.LLB
Thu Jul 12 09:27:44 Loaded file C:\USERS\USER\DESKTOP\ORCAD 9.2 FULL CD + WEB UPDATES\LIBRARIES\LAYOUT\TELE.LLB
Thu Jul 12 09:27:44 Loaded file C:\USERS\USER\DESKTOP\ORCAD 9.2 FULL CD + WEB UPDATES\LIBRARIES\LAYOUT\TM_AXIAL.LLB
Thu Jul 12 09:27:44 Loaded file C:\USERS\USER\DESKTOP\ORCAD 9.2 FULL CD + WEB UPDATES\LIBRARIES\LAYOUT\TM_CAP_P.LLB
Thu Jul 12 09:27:44 Loaded file C:\USERS\USER\DESKTOP\ORCAD 9.2 FULL CD + WEB UPDATES\LIBRARIES\LAYOUT\TM_CYLND.LLB
Thu Jul 12 09:27:44 Loaded file C:\USERS\USER\DESKTOP\ORCAD 9.2 FULL CD + WEB UPDATES\LIBRARIES\LAYOUT\TM_DIODE.LLB
Thu Jul 12 09:27:44 Loaded file C:\USERS\USER\DESKTOP\ORCAD 9.2 FULL CD + WEB UPDATES\LIBRARIES\LAYOUT\TM_DISC.LLB
Thu Jul 12 09:27:44 Loaded file C:\USERS\USER\DESKTOP\ORCAD 9.2 FULL CD + WEB UPDATES\LIBRARIES\LAYOUT\TM_RAD.LLB
Thu Jul 12 09:27:44 Loaded file C:\USERS\USER\DESKTOP\ORCAD 9.2 FULL CD + WEB UPDATES\LIBRARIES\LAYOUT\TO.LLB
Thu Jul 12 09:27:44 Loaded file C:\USERS\USER\DESKTOP\ORCAD 9.2 FULL CD + WEB UPDATES\LIBRARIES\LAYOUT\TRAINING.LLB
Thu Jul 12 09:27:44 Loaded file C:\USERS\USER\DESKTOP\ORCAD 9.2 FULL CD + WEB UPDATES\LIBRARIES\LAYOUT\TRANSISTORS.LLB
Thu Jul 12 09:27:44 Loaded file C:\USERS\USER\DESKTOP\ORCAD 9.2 FULL CD + WEB UPDATES\LIBRARIES\LAYOUT\VRES.LLB
Thu Jul 12 09:27:44 Loaded file C:\USERS\USER\DESKTOP\ORCAD 9.2 FULL CD + WEB UPDATES\LIBRARIES\LAYOUT\WCON100T.LLB
Thu Jul 12 09:27:44 Loaded file C:\USERS\USER\DESKTOP\ORCAD 9.2 FULL CD + WEB UPDATES\LIBRARIES\LAYOUT\XT.LLB
Thu Jul 12 09:27:44 Loaded file C:\USERS\USER\DESKTOP\ORCAD 9.2 FULL CD + WEB UPDATES\LIBRARIES\LAYOUT\ZIGBEE.LLB
Thu Jul 12 09:27:44 Loaded file C:\USERS\USER\DESKTOP\ORCAD 9.2 FULL CD + WEB UPDATES\LIBRARIES\LAYOUT\ZIGZAG.LLB
Thu Jul 12 09:27:44 Loaded file C:\USERS\USER\DESKTOP\ORCAD 9.2 FULL CD + WEB UPDATES\LIBRARIES\LAYOUT\CONNECTOR.LLB
Thu Jul 12 09:27:44 Footprint coords will be rounded to nearest base unit.
Thu Jul 12 09:27:44 Footprint coords will be rounded to nearest base unit.
Thu Jul 12 09:27:44 Footprint coords will be rounded to nearest base unit.
Thu Jul 12 09:27:44 Footprint coords will be rounded to nearest base unit.
Thu Jul 12 09:27:44 Footprint coords will be rounded to nearest base unit.
Thu Jul 12 09:27:44 Footprint coords will be rounded to nearest base unit.
Thu Jul 12 09:27:44 Footprint coords will be rounded to nearest base unit.
Thu Jul 12 09:27:44 Footprint coords will be rounded to nearest base unit.
Thu Jul 12 09:27:44 Footprint coords will be rounded to nearest base unit.
Thu Jul 12 09:27:44 Footprint coords will be rounded to nearest base unit.
Thu Jul 12 09:27:44 Footprint coords will be rounded to nearest base unit.
Thu Jul 12 09:27:44 Library file not found:USER.PRT
Thu Jul 12 09:27:44 Library file not found:USER.PRT
Thu Jul 12 09:28:49 Loaded file C:\PROGRAM FILES\ORCAD\LAYOUT_PLUS\data\template.imp
Thu Jul 12 09:28:49 Loaded file C:\PROGRAM FILES\ORCAD\LAYOUT_PLUS\data\template.imp
Thu Jul 12 09:29:34 Loaded file C:\USERS\USER\DESKTOP\ORCAD 9.2 FULL CD + WEB UPDATES\LIBRARIES\LAYOUT\BCON100T.LLB
Thu Jul 12 09:29:35 Loaded file C:\USERS\USER\DESKTOP\ORCAD 9.2 FULL CD + WEB UPDATES\LIBRARIES\LAYOUT\REGULATORS.LLB
Thu Jul 12 09:29:36 Loaded file C:\USERS\USER\DESKTOP\ORCAD 9.2 FULL CD + WEB UPDATES\LIBRARIES\LAYOUT\RELAY.LLB
Thu Jul 12 09:29:40 Loaded file C:\PROGRAM FILES\ORCAD\LAYOUT_PLUS\data\template.imp
Thu Jul 12 09:29:49 Loaded file C:\USERS\USER\DESKTOP\ORCAD 9.2 FULL CD + WEB UPDATES\LIBRARIES\LAYOUT\RELAY.LLB
Thu Jul 12 09:29:49 Footprint coords will be rounded to nearest base unit.
Thu Jul 12 09:29:49 Footprint coords will be rounded to nearest base unit.
Thu Jul 12 09:29:49 Footprint coords will be rounded to nearest base unit.
Thu Jul 12 09:29:49 Footprint coords will be rounded to nearest base unit.
Thu Jul 12 09:29:49 Footprint coords will be rounded to nearest base unit.
Thu Jul 12 09:29:49 Footprint coords will be rounded to nearest base unit.
Thu Jul 12 09:29:49 Footprint coords will be rounded to nearest base unit.
Thu Jul 12 09:29:49 Footprint coords will be rounded to nearest base unit.
Thu Jul 12 09:29:49 Footprint coords will be rounded to nearest base unit.
Thu Jul 12 09:29:49 Footprint coords will be rounded to nearest base unit.
Thu Jul 12 09:29:49 Footprint coords will be rounded to nearest base unit.
Thu Jul 12 09:29:49 Footprint coords will be rounded to nearest base unit.
Thu Jul 12 09:30:00 Loaded file C:\PROGRAM FILES\ORCAD\LAYOUT_PLUS\data\template.imp
Thu Jul 12 09:30:00 Loaded file C:\PROGRAM FILES\ORCAD\LAYOUT_PLUS\data\template.imp
Thu Jul 12 09:30:17 Loaded file C:\USERS\USER\DESKTOP\ORCAD 9.2 FULL CD + WEB UPDATES\LIBRARIES\LAYOUT\BGA.LLB
Thu Jul 12 09:30:18 Loaded file C:\USERS\USER\DESKTOP\ORCAD 9.2 FULL CD + WEB UPDATES\LIBRARIES\LAYOUT\CAPACITORS.LLB
Thu Jul 12 09:30:20 Loaded file C:\USERS\USER\DESKTOP\ORCAD 9.2 FULL CD + WEB UPDATES\LIBRARIES\LAYOUT\CLCC.LLB
Thu Jul 12 09:30:20 Loaded file C:\USERS\USER\DESKTOP\ORCAD 9.2 FULL CD + WEB UPDATES\LIBRARIES\LAYOUT\CONNECTOR.LLB
Thu Jul 12 09:30:20 Loaded file C:\USERS\USER\DESKTOP\ORCAD 9.2 FULL CD + WEB UPDATES\LIBRARIES\LAYOUT\DCON050T.LLB
Thu Jul 12 09:30:22 Loaded file C:\USERS\USER\DESKTOP\ORCAD 9.2 FULL CD + WEB UPDATES\LIBRARIES\LAYOUT\CONNECTOR.LLB
Thu Jul 12 09:30:45 Loaded file C:\PROGRAM FILES\ORCAD\LAYOUT_PLUS\data\template.imp
Thu Jul 12 09:30:57 Loaded file C:\PROGRAM FILES\ORCAD\LAYOUT_PLUS\data\template.imp
Thu Jul 12 09:30:58 Loaded file C:\PROGRAM FILES\ORCAD\LAYOUT_PLUS\data\template.imp
Thu Jul 12 09:32:01 Loaded file C:\PROGRAM FILES\ORCAD\LAYOUT_PLUS\data\template.imp
Thu Jul 12 09:32:26 Loaded file C:\USERS\USER\DESKTOP\ORCAD 9.2 FULL CD + WEB UPDATES\LIBRARIES\LAYOUT\ZIGBEE.LLB
Thu Jul 12 09:32:29 Loaded file C:\PROGRAM FILES\ORCAD\LAYOUT_PLUS\data\template.imp
Thu Jul 12 09:32:37 Loaded file C:\USERS\USER\DESKTOP\ORCAD 9.2 FULL CD + WEB UPDATES\LIBRARIES\LAYOUT\ZIGBEE.LLB
Thu Jul 12 09:32:37 Footprint coords will be rounded to nearest base unit.
Thu Jul 12 09:32:37 Footprint coords will be rounded to nearest base unit.
Thu Jul 12 09:32:37 Footprint coords will be rounded to nearest base unit.
Thu Jul 12 09:32:37 Footprint coords will be rounded to nearest base unit.
Thu Jul 12 09:32:37 Footprint coords will be rounded to nearest base unit.
Thu Jul 12 09:32:37 Footprint coords will be rounded to nearest base unit.
Thu Jul 12 09:32:37 Footprint coords will be rounded to nearest base unit.
Thu Jul 12 09:32:37 Footprint coords will be rounded to nearest base unit.
Thu Jul 12 09:32:37 Footprint coords will be rounded to nearest base unit.
Thu Jul 12 09:32:37 Footprint coords will be rounded to nearest base unit.
Thu Jul 12 09:32:37 Footprint coords will be rounded to nearest base unit.
Thu Jul 12 09:32:37 Footprint coords will be rounded to nearest base unit.
Thu Jul 12 09:32:37 Footprint coords will be rounded to nearest base unit.
Thu Jul 12 09:32:37 Footprint coords will be rounded to nearest base unit.
Thu Jul 12 09:32:37 Footprint coords will be rounded to nearest base unit.
Thu Jul 12 09:32:37 Footprint coords will be rounded to nearest base unit.
Thu Jul 12 09:32:37 Footprint coords will be rounded to nearest base unit.
Thu Jul 12 09:32:37 Footprint coords will be rounded to nearest base unit.
Thu Jul 12 09:32:37 Footprint coords will be rounded to nearest base unit.
Thu Jul 12 09:32:37 Footprint coords will be rounded to nearest base unit.
Thu Jul 12 09:32:37 Footprint coords will be rounded to nearest base unit.
Thu Jul 12 09:32:37 Footprint coords will be rounded to nearest base unit.
Thu Jul 12 09:32:37 Footprint coords will be rounded to nearest base unit.
Thu Jul 12 09:32:42 Loaded file C:\PROGRAM FILES\ORCAD\LAYOUT_PLUS\data\template.imp
Thu Jul 12 09:32:42 Loaded file C:\PROGRAM FILES\ORCAD\LAYOUT_PLUS\data\template.imp
Thu Jul 12 09:32:56 Loaded file C:\USERS\USER\DESKTOP\ORCAD 9.2 FULL CD + WEB UPDATES\LIBRARIES\LAYOUT\SWITCH.LLB
Thu Jul 12 09:33:12 Loaded file C:\PROGRAM FILES\ORCAD\LAYOUT_PLUS\data\template.imp
Thu Jul 12 09:33:23 Loaded file C:\USERS\USER\DESKTOP\ORCAD 9.2 FULL CD + WEB UPDATES\LIBRARIES\LAYOUT\SWITCH.LLB
Thu Jul 12 09:33:23 Footprint coords will be rounded to nearest base unit.
Thu Jul 12 09:33:23 Footprint coords will be rounded to nearest base unit.
Thu Jul 12 09:33:23 Footprint coords will be rounded to nearest base unit.
Thu Jul 12 09:33:23 Footprint coords will be rounded to nearest base unit.
Thu Jul 12 09:33:23 Footprint coords will be rounded to nearest base unit.
Thu Jul 12 09:33:23 Footprint coords will be rounded to nearest base unit.
Thu Jul 12 09:33:23 Footprint coords will be rounded to nearest base unit.
Thu Jul 12 09:33:23 Footprint coords will be rounded to nearest base unit.
Thu Jul 12 09:33:23 Footprint coords will be rounded to nearest base unit.
Thu Jul 12 09:33:23 Footprint coords will be rounded to nearest base unit.
Thu Jul 12 09:33:23 Footprint coords will be rounded to nearest base unit.
Thu Jul 12 09:33:23 Footprint coords will be rounded to nearest base unit.
Thu Jul 12 09:33:23 Footprint coords will be rounded to nearest base unit.
Thu Jul 12 09:33:25 Loaded file C:\PROGRAM FILES\ORCAD\LAYOUT_PLUS\data\template.imp
Thu Jul 12 09:33:25 Loaded file C:\PROGRAM FILES\ORCAD\LAYOUT_PLUS\data\template.imp
Thu Jul 12 09:33:50 Loaded file C:\USERS\USER\DESKTOP\ORCAD 9.2 FULL CD + WEB UPDATES\LIBRARIES\LAYOUT\RESISTORS.LLB
Thu Jul 12 09:34:02 Loaded file C:\PROGRAM FILES\ORCAD\LAYOUT_PLUS\data\template.imp
Thu Jul 12 09:34:11 Loaded file C:\USERS\USER\DESKTOP\ORCAD 9.2 FULL CD + WEB UPDATES\LIBRARIES\LAYOUT\RESISTORS.LLB
Thu Jul 12 09:34:11 Footprint coords will be rounded to nearest base unit.
Thu Jul 12 09:34:11 Footprint coords will be rounded to nearest base unit.
Thu Jul 12 09:34:11 Footprint coords will be rounded to nearest base unit.
Thu Jul 12 09:34:11 Footprint coords will be rounded to nearest base unit.
Thu Jul 12 09:34:11 Footprint coords will be rounded to nearest base unit.
Thu Jul 12 09:34:11 Footprint coords will be rounded to nearest base unit.
Thu Jul 12 09:34:11 Footprint coords will be rounded to nearest base unit.
Thu Jul 12 09:34:11 Footprint coords will be rounded to nearest base unit.
Thu Jul 12 09:34:11 Footprint coords will be rounded to nearest base unit.
Thu Jul 12 09:34:11 Footprint coords will be rounded to nearest base unit.
Thu Jul 12 09:34:11 Footprint coords will be rounded to nearest base unit.
Thu Jul 12 09:34:11 Footprint coords will be rounded to nearest base unit.
Thu Jul 12 09:34:11 Footprint coords will be rounded to nearest base unit.
Thu Jul 12 09:34:11 Footprint coords will be rounded to nearest base unit.
Thu Jul 12 09:34:17 Loaded file C:\PROGRAM FILES\ORCAD\LAYOUT_PLUS\data\template.imp
Thu Jul 12 09:34:17 Loaded file C:\PROGRAM FILES\ORCAD\LAYOUT_PLUS\data\template.imp
Thu Jul 12 09:34:27 Loaded file C:\USERS\USER\DESKTOP\ORCAD 9.2 FULL CD + WEB UPDATES\LIBRARIES\LAYOUT\REGULATORS.LLB
Thu Jul 12 09:34:29 Loaded file C:\PROGRAM FILES\ORCAD\LAYOUT_PLUS\data\template.imp
Thu Jul 12 09:34:30 Loaded file C:\USERS\USER\DESKTOP\ORCAD 9.2 FULL CD + WEB UPDATES\LIBRARIES\LAYOUT\REGULATORS.LLB
Thu Jul 12 09:34:30 Footprint coords will be rounded to nearest base unit.
Thu Jul 12 09:34:30 Footprint coords will be rounded to nearest base unit.
Thu Jul 12 09:34:30 Footprint coords will be rounded to nearest base unit.
Thu Jul 12 09:34:30 Footprint coords will be rounded to nearest base unit.
Thu Jul 12 09:34:30 Footprint coords will be rounded to nearest base unit.
Thu Jul 12 09:34:30 Footprint coords will be rounded to nearest base unit.
Thu Jul 12 09:34:30 Footprint coords will be rounded to nearest base unit.
Thu Jul 12 09:34:30 Footprint coords will be rounded to nearest base unit.
Thu Jul 12 09:34:30 Footprint coords will be rounded to nearest base unit.
Thu Jul 12 09:34:30 Footprint coords will be rounded to nearest base unit.
Thu Jul 12 09:34:30 Footprint coords will be rounded to nearest base unit.
Thu Jul 12 09:34:30 Footprint coords will be rounded to nearest base unit.
Thu Jul 12 09:34:30 Footprint coords will be rounded to nearest base unit.
Thu Jul 12 09:34:30 Footprint coords will be rounded to nearest base unit.
Thu Jul 12 09:34:30 Footprint coords will be rounded to nearest base unit.
Thu Jul 12 09:34:30 Loaded file C:\USERS\USER\DESKTOP\ORCAD 9.2 FULL CD + WEB UPDATES\LIBRARIES\LAYOUT\CONNECTOR.LLB
Thu Jul 12 09:34:30 Footprint coords will be rounded to nearest base unit.
Thu Jul 12 09:34:30 Footprint coords will be rounded to nearest base unit.
Thu Jul 12 09:34:30 Footprint coords will be rounded to nearest base unit.
Thu Jul 12 09:34:30 Footprint coords will be rounded to nearest base unit.
Thu Jul 12 09:34:30 Footprint coords will be rounded to nearest base unit.
Thu Jul 12 09:34:30 Footprint coords will be rounded to nearest base unit.
Thu Jul 12 09:34:30 Footprint coords will be rounded to nearest base unit.
Thu Jul 12 09:34:30 Footprint coords will be rounded to nearest base unit.
Thu Jul 12 09:34:30 Footprint coords will be rounded to nearest base unit.
Thu Jul 12 09:34:30 Footprint coords will be rounded to nearest base unit.
Thu Jul 12 09:34:30 Footprint coords will be rounded to nearest base unit.
Thu Jul 12 09:34:30 Footprint coords will be rounded to nearest base unit.
Thu Jul 12 09:34:30 Footprint coords will be rounded to nearest base unit.
Thu Jul 12 09:34:30 Footprint coords will be rounded to nearest base unit.
Thu Jul 12 09:34:34 Loaded file C:\PROGRAM FILES\ORCAD\LAYOUT_PLUS\data\template.imp
Thu Jul 12 09:34:34 Loaded file C:\PROGRAM FILES\ORCAD\LAYOUT_PLUS\data\template.imp
Thu Jul 12 09:34:38 Loaded file C:\USERS\USER\DESKTOP\ORCAD 9.2 FULL CD + WEB UPDATES\LIBRARIES\LAYOUT\CONNECTOR.LLB
Thu Jul 12 09:36:06 Loaded file C:\PROGRAM FILES\ORCAD\LAYOUT_PLUS\data\template.imp
Thu Jul 12 09:36:09 Loaded file C:\USERS\USER\DESKTOP\ORCAD 9.2 FULL CD + WEB UPDATES\LIBRARIES\LAYOUT\CONNECTOR.LLB
Thu Jul 12 09:36:09 Footprint coords will be rounded to nearest base unit.
Thu Jul 12 09:36:09 Footprint coords will be rounded to nearest base unit.
Thu Jul 12 09:36:09 Footprint coords will be rounded to nearest base unit.
Thu Jul 12 09:36:09 Footprint coords will be rounded to nearest base unit.
Thu Jul 12 09:36:09 Footprint coords will be rounded to nearest base unit.
Thu Jul 12 09:36:09 Footprint coords will be rounded to nearest base unit.
Thu Jul 12 09:36:28 Loaded file C:\PROGRAM FILES\ORCAD\LAYOUT_PLUS\data\template.imp
Thu Jul 12 09:36:28 Loaded file C:\PROGRAM FILES\ORCAD\LAYOUT_PLUS\data\template.imp
Thu Jul 12 09:36:57 Loaded file C:\USERS\USER\DESKTOP\ORCAD 9.2 FULL CD + WEB UPDATES\LIBRARIES\LAYOUT\TM_RAD.LLB
Thu Jul 12 09:36:58 Loaded file C:\USERS\USER\DESKTOP\ORCAD 9.2 FULL CD + WEB UPDATES\LIBRARIES\LAYOUT\TO.LLB
Thu Jul 12 09:37:40 Saved as file BACKUP1.MAX
Thu Jul 12 09:40:17 Loaded file C:\USERS\USER\DESKTOP\ORCAD 9.2 FULL CD + WEB UPDATES\LIBRARIES\LAYOUT\TRANSISTORS.LLB
Thu Jul 12 09:40:19 Loaded file C:\PROGRAM FILES\ORCAD\LAYOUT_PLUS\data\template.imp
Thu Jul 12 09:40:20 Loaded file C:\USERS\USER\DESKTOP\ORCAD 9.2 FULL CD + WEB UPDATES\LIBRARIES\LAYOUT\TRANSISTORS.LLB
Thu Jul 12 09:40:20 Footprint coords will be rounded to nearest base unit.
Thu Jul 12 09:40:20 Footprint coords will be rounded to nearest base unit.
Thu Jul 12 09:40:20 Footprint coords will be rounded to nearest base unit.
Thu Jul 12 09:40:20 Footprint coords will be rounded to nearest base unit.
Thu Jul 12 09:40:20 Footprint coords will be rounded to nearest base unit.
Thu Jul 12 09:40:20 Footprint coords will be rounded to nearest base unit.
Thu Jul 12 09:40:20 Footprint coords will be rounded to nearest base unit.
Thu Jul 12 09:40:20 Footprint coords will be rounded to nearest base unit.
Thu Jul 12 09:40:20 Footprint coords will be rounded to nearest base unit.
Thu Jul 12 09:40:20 Footprint coords will be rounded to nearest base unit.
Thu Jul 12 09:40:20 Footprint coords will be rounded to nearest base unit.
Thu Jul 12 09:40:20 Footprint coords will be rounded to nearest base unit.
Thu Jul 12 09:40:20 Footprint coords will be rounded to nearest base unit.
Thu Jul 12 09:40:20 Footprint coords will be rounded to nearest base unit.
Thu Jul 12 09:40:20 Footprint coords will be rounded to nearest base unit.
Thu Jul 12 09:40:25 Loaded file C:\PROGRAM FILES\ORCAD\LAYOUT_PLUS\data\template.imp
Thu Jul 12 09:40:25 Loaded file C:\PROGRAM FILES\ORCAD\LAYOUT_PLUS\data\template.imp
Thu Jul 12 09:40:27 Loaded file C:\USERS\USER\DESKTOP\ORCAD 9.2 FULL CD + WEB UPDATES\LIBRARIES\LAYOUT\CAPACITORS.LLB
Thu Jul 12 09:41:25 Loaded file C:\PROGRAM FILES\ORCAD\LAYOUT_PLUS\data\template.imp
Thu Jul 12 09:41:26 Loaded file C:\USERS\USER\DESKTOP\ORCAD 9.2 FULL CD + WEB UPDATES\LIBRARIES\LAYOUT\CAPACITORS.LLB
Thu Jul 12 09:41:26 Footprint coords will be rounded to nearest base unit.
Thu Jul 12 09:41:26 Footprint coords will be rounded to nearest base unit.
Thu Jul 12 09:41:26 Footprint coords will be rounded to nearest base unit.
Thu Jul 12 09:41:26 Footprint coords will be rounded to nearest base unit.
Thu Jul 12 09:41:26 Footprint coords will be rounded to nearest base unit.
Thu Jul 12 09:41:26 Footprint coords will be rounded to nearest base unit.
Thu Jul 12 09:41:26 Footprint coords will be rounded to nearest base unit.
Thu Jul 12 09:41:26 Footprint coords will be rounded to nearest base unit.
Thu Jul 12 09:41:26 Footprint coords will be rounded to nearest base unit.
Thu Jul 12 09:41:26 Footprint coords will be rounded to nearest base unit.
Thu Jul 12 09:41:26 Footprint coords will be rounded to nearest base unit.
Thu Jul 12 09:41:26 Footprint coords will be rounded to nearest base unit.
Thu Jul 12 09:41:26 Loaded file C:\USERS\USER\DESKTOP\ORCAD 9.2 FULL CD + WEB UPDATES\LIBRARIES\LAYOUT\NEO.LLB
Thu Jul 12 09:41:26 Footprint coords will be rounded to nearest base unit.
Thu Jul 12 09:41:26 Footprint coords will be rounded to nearest base unit.
Thu Jul 12 09:41:26 Footprint coords will be rounded to nearest base unit.
Thu Jul 12 09:41:26 Footprint coords will be rounded to nearest base unit.
Thu Jul 12 09:41:26 Footprint coords will be rounded to nearest base unit.
Thu Jul 12 09:41:26 Footprint coords will be rounded to nearest base unit.
Thu Jul 12 09:41:26 Footprint coords will be rounded to nearest base unit.
Thu Jul 12 09:41:26 Footprint coords will be rounded to nearest base unit.
Thu Jul 12 09:41:26 Footprint coords will be rounded to nearest base unit.
Thu Jul 12 09:41:26 Footprint coords will be rounded to nearest base unit.
Thu Jul 12 09:41:26 Footprint coords will be rounded to nearest base unit.
Thu Jul 12 09:41:26 Footprint coords will be rounded to nearest base unit.
Thu Jul 12 09:41:28 Loaded file C:\PROGRAM FILES\ORCAD\LAYOUT_PLUS\data\template.imp
Thu Jul 12 09:41:28 Loaded file C:\PROGRAM FILES\ORCAD\LAYOUT_PLUS\data\template.imp
Thu Jul 12 09:41:37 Loaded file C:\USERS\USER\DESKTOP\ORCAD 9.2 FULL CD + WEB UPDATES\LIBRARIES\LAYOUT\CAPACITORS.LLB
Thu Jul 12 09:41:51 Loaded file C:\PROGRAM FILES\ORCAD\LAYOUT_PLUS\data\template.imp
Thu Jul 12 09:41:53 Loaded file C:\PROGRAM FILES\ORCAD\LAYOUT_PLUS\data\template.imp
Thu Jul 12 09:41:54 Loaded file C:\PROGRAM FILES\ORCAD\LAYOUT_PLUS\data\template.imp
Thu Jul 12 09:42:02 Loaded file C:\PROGRAM FILES\ORCAD\LAYOUT_PLUS\data\template.imp
Thu Jul 12 09:42:08 Loaded file C:\PROGRAM FILES\ORCAD\LAYOUT_PLUS\data\template.imp
Thu Jul 12 09:42:15 Loaded file C:\PROGRAM FILES\ORCAD\LAYOUT_PLUS\data\template.imp
Thu Jul 12 09:42:22 Loaded file C:\USERS\USER\DESKTOP\ORCAD 9.2 FULL CD + WEB UPDATES\LIBRARIES\LAYOUT\CAPACITORS.LLB
Thu Jul 12 09:42:22 Footprint coords will be rounded to nearest base unit.
Thu Jul 12 09:42:22 Footprint coords will be rounded to nearest base unit.
Thu Jul 12 09:42:22 Footprint coords will be rounded to nearest base unit.
Thu Jul 12 09:42:22 Footprint coords will be rounded to nearest base unit.
Thu Jul 12 09:42:22 Footprint coords will be rounded to nearest base unit.
Thu Jul 12 09:42:22 Footprint coords will be rounded to nearest base unit.
Thu Jul 12 09:42:22 Footprint coords will be rounded to nearest base unit.
Thu Jul 12 09:42:22 Footprint coords will be rounded to nearest base unit.
Thu Jul 12 09:42:22 Footprint coords will be rounded to nearest base unit.
Thu Jul 12 09:42:22 Footprint coords will be rounded to nearest base unit.
Thu Jul 12 09:42:22 Footprint coords will be rounded to nearest base unit.
Thu Jul 12 09:42:22 Footprint coords will be rounded to nearest base unit.
Thu Jul 12 09:42:24 Loaded file C:\PROGRAM FILES\ORCAD\LAYOUT_PLUS\data\template.imp
Thu Jul 12 09:42:24 Loaded file C:\PROGRAM FILES\ORCAD\LAYOUT_PLUS\data\template.imp
Thu Jul 12 09:42:35 Loaded file C:\USERS\USER\DESKTOP\ORCAD 9.2 FULL CD + WEB UPDATES\LIBRARIES\LAYOUT\CONNECTOR.LLB
Thu Jul 12 09:42:39 Loaded file C:\PROGRAM FILES\ORCAD\LAYOUT_PLUS\data\template.imp
Thu Jul 12 09:42:40 Loaded file C:\USERS\USER\DESKTOP\ORCAD 9.2 FULL CD + WEB UPDATES\LIBRARIES\LAYOUT\CONNECTOR.LLB
Thu Jul 12 09:42:40 Footprint coords will be rounded to nearest base unit.
Thu Jul 12 09:42:40 Footprint coords will be rounded to nearest base unit.
Thu Jul 12 09:42:40 Footprint coords will be rounded to nearest base unit.
Thu Jul 12 09:42:40 Footprint coords will be rounded to nearest base unit.
Thu Jul 12 09:42:40 Footprint coords will be rounded to nearest base unit.
Thu Jul 12 09:42:40 Footprint coords will be rounded to nearest base unit.
Thu Jul 12 09:42:40 Footprint coords will be rounded to nearest base unit.
Thu Jul 12 09:42:40 Footprint coords will be rounded to nearest base unit.
Thu Jul 12 09:42:40 Footprint coords will be rounded to nearest base unit.
Thu Jul 12 09:42:50 Loaded file C:\PROGRAM FILES\ORCAD\LAYOUT_PLUS\data\template.imp
Thu Jul 12 09:42:50 Loaded file C:\PROGRAM FILES\ORCAD\LAYOUT_PLUS\data\template.imp
Thu Jul 12 09:42:58 Loaded file C:\USERS\USER\DESKTOP\ORCAD 9.2 FULL CD + WEB UPDATES\LIBRARIES\LAYOUT\DIODES.LLB
Thu Jul 12 09:42:59 Loaded file C:\PROGRAM FILES\ORCAD\LAYOUT_PLUS\data\template.imp
Thu Jul 12 09:43:01 Loaded file C:\USERS\USER\DESKTOP\ORCAD 9.2 FULL CD + WEB UPDATES\LIBRARIES\LAYOUT\DIODES.LLB
Thu Jul 12 09:43:01 Footprint coords will be rounded to nearest base unit.
Thu Jul 12 09:43:01 Footprint coords will be rounded to nearest base unit.
Thu Jul 12 09:43:01 Footprint coords will be rounded to nearest base unit.
Thu Jul 12 09:43:01 Footprint coords will be rounded to nearest base unit.
Thu Jul 12 09:43:01 Footprint coords will be rounded to nearest base unit.
Thu Jul 12 09:43:01 Footprint coords will be rounded to nearest base unit.
Thu Jul 12 09:43:01 Footprint coords will be rounded to nearest base unit.
Thu Jul 12 09:43:01 Footprint coords will be rounded to nearest base unit.
Thu Jul 12 09:43:01 Footprint coords will be rounded to nearest base unit.
Thu Jul 12 09:43:01 Footprint coords will be rounded to nearest base unit.
Thu Jul 12 09:43:01 Footprint coords will be rounded to nearest base unit.
Thu Jul 12 09:43:01 Footprint coords will be rounded to nearest base unit.
Thu Jul 12 09:43:01 Footprint coords will be rounded to nearest base unit.
Thu Jul 12 09:43:49 Loaded file C:\PROGRAM FILES\ORCAD\LAYOUT_PLUS\data\template.imp
Thu Jul 12 09:43:49 Loaded file C:\PROGRAM FILES\ORCAD\LAYOUT_PLUS\data\template.imp
Thu Jul 12 09:44:00 Loaded file C:\USERS\USER\DESKTOP\ORCAD 9.2 FULL CD + WEB UPDATES\LIBRARIES\LAYOUT\REGULATORS.LLB
Thu Jul 12 09:44:03 Loaded file C:\PROGRAM FILES\ORCAD\LAYOUT_PLUS\data\template.imp
Thu Jul 12 09:44:07 Loaded file C:\PROGRAM FILES\ORCAD\LAYOUT_PLUS\data\template.imp
Thu Jul 12 09:44:08 Loaded file C:\USERS\USER\DESKTOP\ORCAD 9.2 FULL CD + WEB UPDATES\LIBRARIES\LAYOUT\REGULATORS.LLB
Thu Jul 12 09:44:08 Footprint coords will be rounded to nearest base unit.
Thu Jul 12 09:44:08 Footprint coords will be rounded to nearest base unit.
Thu Jul 12 09:44:08 Footprint coords will be rounded to nearest base unit.
Thu Jul 12 09:44:08 Footprint coords will be rounded to nearest base unit.
Thu Jul 12 09:44:08 Footprint coords will be rounded to nearest base unit.
Thu Jul 12 09:44:08 Footprint coords will be rounded to nearest base unit.
Thu Jul 12 09:44:08 Footprint coords will be rounded to nearest base unit.
Thu Jul 12 09:44:08 Footprint coords will be rounded to nearest base unit.
Thu Jul 12 09:44:08 Footprint coords will be rounded to nearest base unit.
Thu Jul 12 09:44:08 Footprint coords will be rounded to nearest base unit.
Thu Jul 12 09:44:08 Footprint coords will be rounded to nearest base unit.
Thu Jul 12 09:44:08 Footprint coords will be rounded to nearest base unit.
Thu Jul 12 09:44:08 Footprint coords will be rounded to nearest base unit.
Thu Jul 12 09:44:08 Footprint coords will be rounded to nearest base unit.
Thu Jul 12 09:44:08 Footprint coords will be rounded to nearest base unit.
Thu Jul 12 09:44:08 Saved as file I:\WATER MONITRING SYSTEM\WATER MONITORING SYSTEM.MAX
Thu Jul 12 09:44:08 Loaded file I:\WATER MONITRING SYSTEM\WATER MONITORING SYSTEM.MAX
Thu Jul 12 09:45:33 Saved as file ~undo.max
Thu Jul 12 09:48:40 Saved as file BACKUP1.MAX
Thu Jul 12 09:59:40 Saved as file BACKUP1.MAX
Thu Jul 12 10:09:24 Saved as file I:\WATER MONITRING SYSTEM\WATER MONITORING SYSTEM.MAX
Thu Jul 12 10:10:10 Saved as file BACKUP1.MAX
Thu Jul 12 10:18:20 Saved as file I:\WATER MONITRING SYSTEM\WATER MONITORING SYSTEM.MAX
Thu Jul 12 10:18:24 Saved as file I:\WATER MONITRING SYSTEM\WATER MONITORING SYSTEM.MAX
Thu Jul 12 10:19:24 Saved as file I:\WATER MONITRING SYSTEM\WATER MONITORING SYSTEM.MAX
Thu Jul 12 10:21:50 Loaded file C:\Program Files\Orcad\Layout_Plus\data\template.imp
Thu Jul 12 10:21:50 Loaded file C:\Program Files\Orcad\Layout_Plus\data\template.imp
Thu Jul 12 10:21:50 Footprint coords will be rounded to nearest base unit.
Thu Jul 12 10:21:50 Footprint coords will be rounded to nearest base unit.
Thu Jul 12 10:21:50 Footprint coords will be rounded to nearest base unit.
Thu Jul 12 10:21:50 Footprint coords will be rounded to nearest base unit.
Thu Jul 12 10:21:50 Footprint coords will be rounded to nearest base unit.
Thu Jul 12 10:21:50 Footprint coords will be rounded to nearest base unit.
Thu Jul 12 10:21:50 Footprint coords will be rounded to nearest base unit.
Thu Jul 12 10:21:50 Footprint coords will be rounded to nearest base unit.
Thu Jul 12 10:21:50 Footprint coords will be rounded to nearest base unit.
Thu Jul 12 10:21:50 Footprint coords will be rounded to nearest base unit.
Thu Jul 12 10:21:50 Footprint coords will be rounded to nearest base unit.
Thu Jul 12 10:21:50 Footprint coords will be rounded to nearest base unit.
Thu Jul 12 10:21:50 Footprint coords will be rounded to nearest base unit.
Thu Jul 12 10:21:50 Footprint coords will be rounded to nearest base unit.
Thu Jul 12 10:21:50 Footprint coords will be rounded to nearest base unit.
Thu Jul 12 10:21:50 Loaded file C:\Program Files\Orcad\Layout_Plus\data\template.imp
Thu Jul 12 10:21:50 Footprint coords will be rounded to nearest base unit.
Thu Jul 12 10:21:50 Footprint coords will be rounded to nearest base unit.
Thu Jul 12 10:21:50 Footprint coords will be rounded to nearest base unit.
Thu Jul 12 10:21:50 Footprint coords will be rounded to nearest base unit.
Thu Jul 12 10:21:50 Footprint coords will be rounded to nearest base unit.
Thu Jul 12 10:21:50 Footprint coords will be rounded to nearest base unit.
Thu Jul 12 10:21:50 Footprint coords will be rounded to nearest base unit.
Thu Jul 12 10:21:50 Footprint coords will be rounded to nearest base unit.
Thu Jul 12 10:21:50 Footprint coords will be rounded to nearest base unit.
Thu Jul 12 10:21:50 Footprint coords will be rounded to nearest base unit.
Thu Jul 12 10:21:50 Footprint coords will be rounded to nearest base unit.
Thu Jul 12 10:21:50 Footprint coords will be rounded to nearest base unit.
Thu Jul 12 10:21:50 Footprint coords will be rounded to nearest base unit.
Thu Jul 12 10:21:50 Footprint coords will be rounded to nearest base unit.
Thu Jul 12 10:21:50 Footprint coords will be rounded to nearest base unit.
Thu Jul 12 10:21:50 Loaded file C:\Program Files\Orcad\Layout_Plus\data\template.imp
Thu Jul 12 10:21:52 Footprint coords will be rounded to nearest base unit.
Thu Jul 12 10:21:52 Footprint coords will be rounded to nearest base unit.
Thu Jul 12 10:21:52 Footprint coords will be rounded to nearest base unit.
Thu Jul 12 10:21:52 Footprint coords will be rounded to nearest base unit.
Thu Jul 12 10:21:52 Footprint coords will be rounded to nearest base unit.
Thu Jul 12 10:21:52 Footprint coords will be rounded to nearest base unit.
Thu Jul 12 10:21:52 Footprint coords will be rounded to nearest base unit.
Thu Jul 12 10:21:52 Footprint coords will be rounded to nearest base unit.
Thu Jul 12 10:21:52 Footprint coords will be rounded to nearest base unit.
Thu Jul 12 10:21:52 Footprint coords will be rounded to nearest base unit.
Thu Jul 12 10:21:52 Footprint coords will be rounded to nearest base unit.
Thu Jul 12 10:21:52 Footprint coords will be rounded to nearest base unit.
Thu Jul 12 10:21:52 Footprint coords will be rounded to nearest base unit.
Thu Jul 12 10:21:52 Footprint coords will be rounded to nearest base unit.
Thu Jul 12 10:21:52 Footprint coords will be rounded to nearest base unit.
Thu Jul 12 10:21:52 Loaded file C:\Program Files\Orcad\Layout_Plus\data\template.imp
Thu Jul 12 10:23:49 Saved as file ~undo.max
Thu Jul 12 10:24:20 Loaded file C:\Program Files\Orcad\Layout_Plus\data\template.imp
Thu Jul 12 10:24:20 Loaded file C:\Program Files\Orcad\Layout_Plus\data\template.imp
Thu Jul 12 10:24:20 Footprint coords will be rounded to nearest base unit.
Thu Jul 12 10:24:20 Footprint coords will be rounded to nearest base unit.
Thu Jul 12 10:24:20 Footprint coords will be rounded to nearest base unit.
Thu Jul 12 10:24:20 Footprint coords will be rounded to nearest base unit.
Thu Jul 12 10:24:20 Footprint coords will be rounded to nearest base unit.
Thu Jul 12 10:24:20 Footprint coords will be rounded to nearest base unit.
Thu Jul 12 10:24:20 Footprint coords will be rounded to nearest base unit.
Thu Jul 12 10:24:20 Footprint coords will be rounded to nearest base unit.
Thu Jul 12 10:24:20 Footprint coords will be rounded to nearest base unit.
Thu Jul 12 10:24:20 Footprint coords will be rounded to nearest base unit.
Thu Jul 12 10:24:20 Footprint coords will be rounded to nearest base unit.
Thu Jul 12 10:24:20 Footprint coords will be rounded to nearest base unit.
Thu Jul 12 10:24:20 Footprint coords will be rounded to nearest base unit.
Thu Jul 12 10:24:20 Footprint coords will be rounded to nearest base unit.
Thu Jul 12 10:24:20 Loaded file C:\Program Files\Orcad\Layout_Plus\data\template.imp
Thu Jul 12 10:24:20 Footprint coords will be rounded to nearest base unit.
Thu Jul 12 10:24:20 Footprint coords will be rounded to nearest base unit.
Thu Jul 12 10:24:20 Footprint coords will be rounded to nearest base unit.
Thu Jul 12 10:24:20 Footprint coords will be rounded to nearest base unit.
Thu Jul 12 10:24:20 Footprint coords will be rounded to nearest base unit.
Thu Jul 12 10:24:20 Footprint coords will be rounded to nearest base unit.
Thu Jul 12 10:24:20 Footprint coords will be rounded to nearest base unit.
Thu Jul 12 10:24:20 Footprint coords will be rounded to nearest base unit.
Thu Jul 12 10:24:20 Footprint coords will be rounded to nearest base unit.
Thu Jul 12 10:24:20 Footprint coords will be rounded to nearest base unit.
Thu Jul 12 10:24:20 Footprint coords will be rounded to nearest base unit.
Thu Jul 12 10:24:20 Footprint coords will be rounded to nearest base unit.
Thu Jul 12 10:24:20 Footprint coords will be rounded to nearest base unit.
Thu Jul 12 10:24:20 Footprint coords will be rounded to nearest base unit.
Thu Jul 12 10:24:20 Loaded file C:\Program Files\Orcad\Layout_Plus\data\template.imp
Thu Jul 12 10:24:24 Loaded file C:\USERS\USER\DESKTOP\ORCAD 9.2 FULL CD + WEB UPDATES\LIBRARIES\LAYOUT\CONNECTOR.LLB
Thu Jul 12 10:24:27 Loaded file C:\Program Files\Orcad\Layout_Plus\data\template.imp
Thu Jul 12 10:24:29 Footprint coords will be rounded to nearest base unit.
Thu Jul 12 10:24:29 Footprint coords will be rounded to nearest base unit.
Thu Jul 12 10:24:29 Footprint coords will be rounded to nearest base unit.
Thu Jul 12 10:24:29 Footprint coords will be rounded to nearest base unit.
Thu Jul 12 10:24:29 Footprint coords will be rounded to nearest base unit.
Thu Jul 12 10:24:29 Footprint coords will be rounded to nearest base unit.
Thu Jul 12 10:24:29 Footprint coords will be rounded to nearest base unit.
Thu Jul 12 10:24:29 Footprint coords will be rounded to nearest base unit.
Thu Jul 12 10:24:29 Footprint coords will be rounded to nearest base unit.
Thu Jul 12 10:24:29 Footprint coords will be rounded to nearest base unit.
Thu Jul 12 10:24:29 Footprint coords will be rounded to nearest base unit.
Thu Jul 12 10:24:40 Saved as file BACKUP1.MAX
Thu Jul 12 10:29:15 Loaded file C:\Program Files\Orcad\Layout_Plus\data\template.imp
Thu Jul 12 10:29:15 Loaded file C:\Program Files\Orcad\Layout_Plus\data\template.imp
Thu Jul 12 10:29:15 Footprint coords will be rounded to nearest base unit.
Thu Jul 12 10:29:15 Footprint coords will be rounded to nearest base unit.
Thu Jul 12 10:29:15 Footprint coords will be rounded to nearest base unit.
Thu Jul 12 10:29:15 Footprint coords will be rounded to nearest base unit.
Thu Jul 12 10:29:15 Footprint coords will be rounded to nearest base unit.
Thu Jul 12 10:29:15 Footprint coords will be rounded to nearest base unit.
Thu Jul 12 10:29:15 Footprint coords will be rounded to nearest base unit.
Thu Jul 12 10:29:15 Footprint coords will be rounded to nearest base unit.
Thu Jul 12 10:29:15 Footprint coords will be rounded to nearest base unit.
Thu Jul 12 10:29:15 Footprint coords will be rounded to nearest base unit.
Thu Jul 12 10:29:15 Footprint coords will be rounded to nearest base unit.
Thu Jul 12 10:29:15 Footprint coords will be rounded to nearest base unit.
Thu Jul 12 10:29:15 Loaded file C:\Program Files\Orcad\Layout_Plus\data\template.imp
Thu Jul 12 10:29:15 Footprint coords will be rounded to nearest base unit.
Thu Jul 12 10:29:15 Footprint coords will be rounded to nearest base unit.
Thu Jul 12 10:29:15 Footprint coords will be rounded to nearest base unit.
Thu Jul 12 10:29:15 Footprint coords will be rounded to nearest base unit.
Thu Jul 12 10:29:15 Footprint coords will be rounded to nearest base unit.
Thu Jul 12 10:29:15 Footprint coords will be rounded to nearest base unit.
Thu Jul 12 10:29:15 Footprint coords will be rounded to nearest base unit.
Thu Jul 12 10:29:15 Footprint coords will be rounded to nearest base unit.
Thu Jul 12 10:29:15 Footprint coords will be rounded to nearest base unit.
Thu Jul 12 10:29:15 Footprint coords will be rounded to nearest base unit.
Thu Jul 12 10:29:15 Footprint coords will be rounded to nearest base unit.
Thu Jul 12 10:29:15 Footprint coords will be rounded to nearest base unit.
Thu Jul 12 10:29:15 Loaded file C:\Program Files\Orcad\Layout_Plus\data\template.imp
Thu Jul 12 10:29:19 Loaded file C:\USERS\USER\DESKTOP\ORCAD 9.2 FULL CD + WEB UPDATES\LIBRARIES\LAYOUT\CAPACITORS.LLB
Thu Jul 12 10:29:25 Loaded file C:\Program Files\Orcad\Layout_Plus\data\template.imp
Thu Jul 12 10:29:28 Loaded file C:\Program Files\Orcad\Layout_Plus\data\template.imp
Thu Jul 12 10:29:32 Loaded file C:\Program Files\Orcad\Layout_Plus\data\template.imp
Thu Jul 12 10:29:35 Loaded file C:\Program Files\Orcad\Layout_Plus\data\template.imp
Thu Jul 12 10:29:46 Loaded file C:\Program Files\Orcad\Layout_Plus\data\template.imp
Thu Jul 12 10:29:53 Loaded file C:\Program Files\Orcad\Layout_Plus\data\template.imp
Thu Jul 12 10:29:55 Loaded file C:\Program Files\Orcad\Layout_Plus\data\template.imp
Thu Jul 12 10:30:02 Footprint coords will be rounded to nearest base unit.
Thu Jul 12 10:30:02 Footprint coords will be rounded to nearest base unit.
Thu Jul 12 10:30:02 Footprint coords will be rounded to nearest base unit.
Thu Jul 12 10:30:02 Footprint coords will be rounded to nearest base unit.
Thu Jul 12 10:30:02 Footprint coords will be rounded to nearest base unit.
Thu Jul 12 10:30:02 Footprint coords will be rounded to nearest base unit.
Thu Jul 12 10:30:02 Footprint coords will be rounded to nearest base unit.
Thu Jul 12 10:30:02 Footprint coords will be rounded to nearest base unit.
Thu Jul 12 10:30:02 Footprint coords will be rounded to nearest base unit.
Thu Jul 12 10:30:02 Footprint coords will be rounded to nearest base unit.
Thu Jul 12 10:30:02 Footprint coords will be rounded to nearest base unit.
Thu Jul 12 10:30:02 Footprint coords will be rounded to nearest base unit.
Thu Jul 12 10:30:12 Loaded file C:\Program Files\Orcad\Layout_Plus\data\template.imp
Thu Jul 12 10:30:12 Loaded file C:\Program Files\Orcad\Layout_Plus\data\template.imp
Thu Jul 12 10:30:12 Footprint coords will be rounded to nearest base unit.
Thu Jul 12 10:30:12 Footprint coords will be rounded to nearest base unit.
Thu Jul 12 10:30:12 Footprint coords will be rounded to nearest base unit.
Thu Jul 12 10:30:12 Footprint coords will be rounded to nearest base unit.
Thu Jul 12 10:30:12 Footprint coords will be rounded to nearest base unit.
Thu Jul 12 10:30:12 Footprint coords will be rounded to nearest base unit.
Thu Jul 12 10:30:12 Footprint coords will be rounded to nearest base unit.
Thu Jul 12 10:30:12 Footprint coords will be rounded to nearest base unit.
Thu Jul 12 10:30:12 Footprint coords will be rounded to nearest base unit.
Thu Jul 12 10:30:12 Footprint coords will be rounded to nearest base unit.
Thu Jul 12 10:30:12 Footprint coords will be rounded to nearest base unit.
Thu Jul 12 10:30:12 Footprint coords will be rounded to nearest base unit.
Thu Jul 12 10:30:12 Loaded file C:\Program Files\Orcad\Layout_Plus\data\template.imp
Thu Jul 12 10:30:12 Footprint coords will be rounded to nearest base unit.
Thu Jul 12 10:30:12 Footprint coords will be rounded to nearest base unit.
Thu Jul 12 10:30:12 Footprint coords will be rounded to nearest base unit.
Thu Jul 12 10:30:12 Footprint coords will be rounded to nearest base unit.
Thu Jul 12 10:30:12 Footprint coords will be rounded to nearest base unit.
Thu Jul 12 10:30:12 Footprint coords will be rounded to nearest base unit.
Thu Jul 12 10:30:12 Footprint coords will be rounded to nearest base unit.
Thu Jul 12 10:30:12 Footprint coords will be rounded to nearest base unit.
Thu Jul 12 10:30:12 Footprint coords will be rounded to nearest base unit.
Thu Jul 12 10:30:12 Footprint coords will be rounded to nearest base unit.
Thu Jul 12 10:30:12 Footprint coords will be rounded to nearest base unit.
Thu Jul 12 10:30:12 Footprint coords will be rounded to nearest base unit.
Thu Jul 12 10:30:12 Loaded file C:\Program Files\Orcad\Layout_Plus\data\template.imp
Thu Jul 12 10:30:14 Loaded file C:\USERS\USER\DESKTOP\ORCAD 9.2 FULL CD + WEB UPDATES\LIBRARIES\LAYOUT\CAPACITORS.LLB
Thu Jul 12 10:30:17 Loaded file C:\Program Files\Orcad\Layout_Plus\data\template.imp
Thu Jul 12 10:30:17 Loaded file C:\Program Files\Orcad\Layout_Plus\data\template.imp
Thu Jul 12 10:30:19 Footprint coords will be rounded to nearest base unit.
Thu Jul 12 10:30:19 Footprint coords will be rounded to nearest base unit.
Thu Jul 12 10:30:19 Footprint coords will be rounded to nearest base unit.
Thu Jul 12 10:30:19 Footprint coords will be rounded to nearest base unit.
Thu Jul 12 10:30:19 Footprint coords will be rounded to nearest base unit.
Thu Jul 12 10:30:19 Footprint coords will be rounded to nearest base unit.
Thu Jul 12 10:30:19 Footprint coords will be rounded to nearest base unit.
Thu Jul 12 10:30:19 Footprint coords will be rounded to nearest base unit.
Thu Jul 12 10:30:19 Footprint coords will be rounded to nearest base unit.
Thu Jul 12 10:30:19 Footprint coords will be rounded to nearest base unit.
Thu Jul 12 10:30:19 Footprint coords will be rounded to nearest base unit.
Thu Jul 12 10:30:19 Footprint coords will be rounded to nearest base unit.
Thu Jul 12 10:30:45 Loaded file C:\Program Files\Orcad\Layout_Plus\data\template.imp
Thu Jul 12 10:30:45 Loaded file C:\Program Files\Orcad\Layout_Plus\data\template.imp
Thu Jul 12 10:30:45 Footprint coords will be rounded to nearest base unit.
Thu Jul 12 10:30:45 Footprint coords will be rounded to nearest base unit.
Thu Jul 12 10:30:45 Footprint coords will be rounded to nearest base unit.
Thu Jul 12 10:30:45 Footprint coords will be rounded to nearest base unit.
Thu Jul 12 10:30:45 Footprint coords will be rounded to nearest base unit.
Thu Jul 12 10:30:45 Footprint coords will be rounded to nearest base unit.
Thu Jul 12 10:30:45 Footprint coords will be rounded to nearest base unit.
Thu Jul 12 10:30:45 Footprint coords will be rounded to nearest base unit.
Thu Jul 12 10:30:45 Footprint coords will be rounded to nearest base unit.
Thu Jul 12 10:30:45 Footprint coords will be rounded to nearest base unit.
Thu Jul 12 10:30:45 Footprint coords will be rounded to nearest base unit.
Thu Jul 12 10:30:45 Footprint coords will be rounded to nearest base unit.
Thu Jul 12 10:30:45 Loaded file C:\Program Files\Orcad\Layout_Plus\data\template.imp
Thu Jul 12 10:30:45 Footprint coords will be rounded to nearest base unit.
Thu Jul 12 10:30:45 Footprint coords will be rounded to nearest base unit.
Thu Jul 12 10:30:45 Footprint coords will be rounded to nearest base unit.
Thu Jul 12 10:30:45 Footprint coords will be rounded to nearest base unit.
Thu Jul 12 10:30:45 Footprint coords will be rounded to nearest base unit.
Thu Jul 12 10:30:45 Footprint coords will be rounded to nearest base unit.
Thu Jul 12 10:30:45 Footprint coords will be rounded to nearest base unit.
Thu Jul 12 10:30:45 Footprint coords will be rounded to nearest base unit.
Thu Jul 12 10:30:45 Footprint coords will be rounded to nearest base unit.
Thu Jul 12 10:30:45 Footprint coords will be rounded to nearest base unit.
Thu Jul 12 10:30:45 Footprint coords will be rounded to nearest base unit.
Thu Jul 12 10:30:45 Footprint coords will be rounded to nearest base unit.
Thu Jul 12 10:30:45 Loaded file C:\Program Files\Orcad\Layout_Plus\data\template.imp
Thu Jul 12 10:30:47 Loaded file C:\USERS\USER\DESKTOP\ORCAD 9.2 FULL CD + WEB UPDATES\LIBRARIES\LAYOUT\CAPACITORS.LLB
Thu Jul 12 10:30:49 Loaded file C:\Program Files\Orcad\Layout_Plus\data\template.imp
Thu Jul 12 10:30:54 Footprint coords will be rounded to nearest base unit.
Thu Jul 12 10:30:54 Footprint coords will be rounded to nearest base unit.
Thu Jul 12 10:30:54 Footprint coords will be rounded to nearest base unit.
Thu Jul 12 10:30:54 Footprint coords will be rounded to nearest base unit.
Thu Jul 12 10:30:54 Footprint coords will be rounded to nearest base unit.
Thu Jul 12 10:30:54 Footprint coords will be rounded to nearest base unit.
Thu Jul 12 10:30:54 Footprint coords will be rounded to nearest base unit.
Thu Jul 12 10:30:54 Footprint coords will be rounded to nearest base unit.
Thu Jul 12 10:30:54 Footprint coords will be rounded to nearest base unit.
Thu Jul 12 10:30:54 Footprint coords will be rounded to nearest base unit.
Thu Jul 12 10:30:54 Footprint coords will be rounded to nearest base unit.
Thu Jul 12 10:30:54 Footprint coords will be rounded to nearest base unit.
Thu Jul 12 10:39:10 Saved as file BACKUP1.MAX
Thu Jul 12 10:45:34 Saved as file I:\WATER MONITRING SYSTEM\WATER MONITORING SYSTEM.MAX
Thu Jul 12 10:45:38 Saved as file I:\WATER MONITRING SYSTEM\WATER MONITORING SYSTEM.MAX
Thu Jul 12 10:48:03 Saved as file ~undo.max
Thu Jul 12 10:48:05 Saved as file ~undo.max
Thu Jul 12 10:49:10 Saved as file BACKUP1.MAX
Thu Jul 12 10:50:50 Saved as file ~undo.max
Thu Jul 12 10:59:10 Saved as file BACKUP1.MAX
Thu Jul 12 10:59:26 Saved as file ~undo.max
Thu Jul 12 11:00:06 Saved as file ~undo.max
Thu Jul 12 11:04:29 Saved as file ~undo.max
Thu Jul 12 11:05:29 Saved as file ~undo.max
Thu Jul 12 11:09:21 Saved as file ~undo.max
Thu Jul 12 11:09:40 Saved as file BACKUP1.MAX
Thu Jul 12 11:09:58 Saved as file ~undo.max
Thu Jul 12 11:14:40 Loaded file C:\Program Files\Orcad\Layout_Plus\data\template.imp
Thu Jul 12 11:14:40 Loaded file C:\Program Files\Orcad\Layout_Plus\data\template.imp
Thu Jul 12 11:14:40 Footprint coords will be rounded to nearest base unit.
Thu Jul 12 11:14:40 Footprint coords will be rounded to nearest base unit.
Thu Jul 12 11:14:40 Footprint coords will be rounded to nearest base unit.
Thu Jul 12 11:14:40 Footprint coords will be rounded to nearest base unit.
Thu Jul 12 11:14:40 Footprint coords will be rounded to nearest base unit.
Thu Jul 12 11:14:40 Footprint coords will be rounded to nearest base unit.
Thu Jul 12 11:14:40 Footprint coords will be rounded to nearest base unit.
Thu Jul 12 11:14:40 Footprint coords will be rounded to nearest base unit.
Thu Jul 12 11:14:40 Footprint coords will be rounded to nearest base unit.
Thu Jul 12 11:14:40 Footprint coords will be rounded to nearest base unit.
Thu Jul 12 11:14:40 Footprint coords will be rounded to nearest base unit.
Thu Jul 12 11:14:40 Loaded file C:\Program Files\Orcad\Layout_Plus\data\template.imp
Thu Jul 12 11:14:40 Footprint coords will be rounded to nearest base unit.
Thu Jul 12 11:14:40 Footprint coords will be rounded to nearest base unit.
Thu Jul 12 11:14:40 Footprint coords will be rounded to nearest base unit.
Thu Jul 12 11:14:40 Footprint coords will be rounded to nearest base unit.
Thu Jul 12 11:14:40 Footprint coords will be rounded to nearest base unit.
Thu Jul 12 11:14:40 Footprint coords will be rounded to nearest base unit.
Thu Jul 12 11:14:40 Footprint coords will be rounded to nearest base unit.
Thu Jul 12 11:14:40 Footprint coords will be rounded to nearest base unit.
Thu Jul 12 11:14:40 Footprint coords will be rounded to nearest base unit.
Thu Jul 12 11:14:40 Footprint coords will be rounded to nearest base unit.
Thu Jul 12 11:14:40 Footprint coords will be rounded to nearest base unit.
Thu Jul 12 11:14:40 Loaded file C:\Program Files\Orcad\Layout_Plus\data\template.imp
Thu Jul 12 11:14:42 Loaded file C:\USERS\USER\DESKTOP\ORCAD 9.2 FULL CD + WEB UPDATES\LIBRARIES\LAYOUT\CLCC.LLB
Thu Jul 12 11:14:42 Loaded file C:\USERS\USER\DESKTOP\ORCAD 9.2 FULL CD + WEB UPDATES\LIBRARIES\LAYOUT\CONNECTOR.LLB
Thu Jul 12 11:14:47 Loaded file C:\Program Files\Orcad\Layout_Plus\data\template.imp
Thu Jul 12 11:14:55 Loaded file C:\Program Files\Orcad\Layout_Plus\data\template.imp
Thu Jul 12 11:14:56 Footprint coords will be rounded to nearest base unit.
Thu Jul 12 11:14:56 Footprint coords will be rounded to nearest base unit.
Thu Jul 12 11:14:56 Footprint coords will be rounded to nearest base unit.
Thu Jul 12 11:14:56 Footprint coords will be rounded to nearest base unit.
Thu Jul 12 11:14:56 Footprint coords will be rounded to nearest base unit.
Thu Jul 12 11:14:56 Footprint coords will be rounded to nearest base unit.
Thu Jul 12 11:14:56 Footprint coords will be rounded to nearest base unit.
Thu Jul 12 11:17:13 Saved as file ~undo.max
Thu Jul 12 11:19:23 Saved as file ~undo.max
Thu Jul 12 11:20:40 Saved as file BACKUP1.MAX
Thu Jul 12 11:30:05 Saved as file ~undo.max
Thu Jul 12 11:31:10 Saved as file BACKUP1.MAX
Thu Jul 12 11:31:44 Saved as file ~undo.max
Thu Jul 12 11:33:40 Saved as file ~undo.max
Thu Jul 12 11:33:53 Saved as file ~undo.max
Thu Jul 12 11:34:39 Saved as file ~undo.max
Thu Jul 12 11:35:31 Saved as file ~undo.max
Thu Jul 12 11:37:23 Saved as file ~undo.max
Thu Jul 12 11:39:11 Saved as file ~undo.max
Thu Jul 12 11:40:33 Saved as file ~undo.max
Thu Jul 12 11:41:10 Saved as file BACKUP1.MAX
Thu Jul 12 11:41:53 Saved as file ~undo.max
Thu Jul 12 11:42:05 Saved as file BACKUP1.MAX
Thu Jul 12 11:42:05 No new connections routed.
Thu Jul 12 11:42:05 Total is now 0 out of 58 (0%).
Thu Jul 12 11:42:05 Saved as file SWEEP1.MAX
Thu Jul 12 11:42:08 Saved as file BACKUP1.MAX
Thu Jul 12 11:42:08 Routed 45 connections in 2 seconds.
Thu Jul 12 11:42:08 Total is now 45 out of 58 (77%).
Thu Jul 12 11:42:08 Saved as file SWEEP2.MAX
Thu Jul 12 11:42:15 Routed 5 connections in 7 seconds.
Thu Jul 12 11:42:15 Total is now 50 out of 58 (86%).
Thu Jul 12 11:42:15 Saved as file SWEEP3.MAX
Thu Jul 12 11:42:28 Routed 3 connections in 12 seconds.
Thu Jul 12 11:42:28 Total is now 51 out of 58 (87%).
Thu Jul 12 11:42:28 Saved as file SWEEP4.MAX
Thu Jul 12 11:42:39 Routed 3 connections in 10 seconds.
Thu Jul 12 11:42:39 Total is now 52 out of 58 (89%).
Thu Jul 12 11:42:39 Saved as file SWEEP5.MAX
Thu Jul 12 11:43:11 Saved as file ~undo.max
Thu Jul 12 11:43:18 Saved as file ~undo.max
Thu Jul 12 11:44:48 Saved as file ~undo.max
Thu Jul 12 11:45:03 Saved as file ~undo.max
Thu Jul 12 11:46:06 Saved as file ~undo.max
Thu Jul 12 11:47:45 Saved as file ~undo.max
Thu Jul 12 11:48:52 Saved as file ~undo.max
Thu Jul 12 11:49:25 Saved as file ~undo.max
Thu Jul 12 11:51:40 Saved as file BACKUP1.MAX
Thu Jul 12 11:51:49 Saved as file ~undo.max
Thu Jul 12 11:54:27 Saved as file ~undo.max
Thu Jul 12 11:56:42 Saved as file ~undo.max
Thu Jul 12 11:57:48 Saved as file ~undo.max
Thu Jul 12 11:58:03 Saved as file ~undo.max
Thu Jul 12 11:58:24 Saved as file ~undo.max
Thu Jul 12 11:58:25 Saved as file I:\WATER MONITRING SYSTEM\WATER MONITORING SYSTEM.MAX
Thu Jul 12 11:58:56 Saved as file ~undo.max
Thu Jul 12 11:59:15 Saved as file ~undo.max
Thu Jul 12 11:59:31 Saved as file ~undo.max
Thu Jul 12 11:59:32 Saved as file I:\WATER MONITRING SYSTEM\WATER MONITORING SYSTEM.MAX
Thu Jul 12 11:59:39 Saved as file I:\WATER MONITRING SYSTEM\WATER MONITORING SYSTEM.MAX
Thu Jul 12 11:59:59 Saved as file ~undo.max
Thu Jul 12 12:00:00 Saved as file I:\WATER MONITRING SYSTEM\WATER MONITORING SYSTEM.MAX
Thu Jul 12 12:00:06 Loaded file C:\Program Files\Orcad\Layout_Plus\data\template.imp
Thu Jul 12 12:00:06 Loaded file C:\Program Files\Orcad\Layout_Plus\data\template.imp
Thu Jul 12 12:00:06 Footprint coords will be rounded to nearest base unit.
Thu Jul 12 12:00:06 Footprint coords will be rounded to nearest base unit.
Thu Jul 12 12:00:06 Footprint coords will be rounded to nearest base unit.
Thu Jul 12 12:00:06 Footprint coords will be rounded to nearest base unit.
Thu Jul 12 12:00:06 Footprint coords will be rounded to nearest base unit.
Thu Jul 12 12:00:06 Footprint coords will be rounded to nearest base unit.
Thu Jul 12 12:00:06 Footprint coords will be rounded to nearest base unit.
Thu Jul 12 12:00:06 Footprint coords will be rounded to nearest base unit.
Thu Jul 12 12:00:06 Footprint coords will be rounded to nearest base unit.
Thu Jul 12 12:00:06 Footprint coords will be rounded to nearest base unit.
Thu Jul 12 12:00:06 Footprint coords will be rounded to nearest base unit.
Thu Jul 12 12:00:06 Footprint coords will be rounded to nearest base unit.
Thu Jul 12 12:00:06 Footprint coords will be rounded to nearest base unit.
Thu Jul 12 12:00:06 Footprint coords will be rounded to nearest base unit.
Thu Jul 12 12:00:06 Footprint coords will be rounded to nearest base unit.
Thu Jul 12 12:00:06 Loaded file C:\Program Files\Orcad\Layout_Plus\data\template.imp
Thu Jul 12 12:00:06 Footprint coords will be rounded to nearest base unit.
Thu Jul 12 12:00:06 Footprint coords will be rounded to nearest base unit.
Thu Jul 12 12:00:06 Footprint coords will be rounded to nearest base unit.
Thu Jul 12 12:00:06 Footprint coords will be rounded to nearest base unit.
Thu Jul 12 12:00:06 Footprint coords will be rounded to nearest base unit.
Thu Jul 12 12:00:06 Footprint coords will be rounded to nearest base unit.
Thu Jul 12 12:00:06 Footprint coords will be rounded to nearest base unit.
Thu Jul 12 12:00:06 Footprint coords will be rounded to nearest base unit.
Thu Jul 12 12:00:06 Footprint coords will be rounded to nearest base unit.
Thu Jul 12 12:00:06 Footprint coords will be rounded to nearest base unit.
Thu Jul 12 12:00:06 Footprint coords will be rounded to nearest base unit.
Thu Jul 12 12:00:06 Footprint coords will be rounded to nearest base unit.
Thu Jul 12 12:00:06 Footprint coords will be rounded to nearest base unit.
Thu Jul 12 12:00:06 Footprint coords will be rounded to nearest base unit.
Thu Jul 12 12:00:06 Footprint coords will be rounded to nearest base unit.
Thu Jul 12 12:00:06 Loaded file C:\Program Files\Orcad\Layout_Plus\data\template.imp
Thu Jul 12 12:00:07 Loaded file C:\USERS\USER\DESKTOP\ORCAD 9.2 FULL CD + WEB UPDATES\LIBRARIES\LAYOUT\CAPACITORS.LLB
Thu Jul 12 12:00:11 Footprint coords will be rounded to nearest base unit.
Thu Jul 12 12:00:11 Footprint coords will be rounded to nearest base unit.
Thu Jul 12 12:00:11 Footprint coords will be rounded to nearest base unit.
Thu Jul 12 12:00:11 Footprint coords will be rounded to nearest base unit.
Thu Jul 12 12:00:11 Footprint coords will be rounded to nearest base unit.
Thu Jul 12 12:00:11 Footprint coords will be rounded to nearest base unit.
Thu Jul 12 12:00:11 Footprint coords will be rounded to nearest base unit.
Thu Jul 12 12:00:11 Footprint coords will be rounded to nearest base unit.
Thu Jul 12 12:00:11 Footprint coords will be rounded to nearest base unit.
Thu Jul 12 12:00:11 Footprint coords will be rounded to nearest base unit.
Thu Jul 12 12:00:11 Footprint coords will be rounded to nearest base unit.
Thu Jul 12 12:00:11 Footprint coords will be rounded to nearest base unit.
Thu Jul 12 12:00:11 Footprint coords will be rounded to nearest base unit.
Thu Jul 12 12:00:11 Footprint coords will be rounded to nearest base unit.
Thu Jul 12 12:00:11 Footprint coords will be rounded to nearest base unit.
Thu Jul 12 12:00:11 Loaded file C:\Program Files\Orcad\Layout_Plus\data\template.imp
Thu Jul 12 12:00:17 Saved as file I:\WATER MONITRING SYSTEM\WATER MONITORING SYSTEM.MAX
Thu Jul 12 12:00:25 Loaded file C:\Program Files\Orcad\Layout_Plus\data\template.imp
Thu Jul 12 12:00:25 Loaded file C:\Program Files\Orcad\Layout_Plus\data\template.imp
Thu Jul 12 12:00:25 Footprint coords will be rounded to nearest base unit.
Thu Jul 12 12:00:25 Footprint coords will be rounded to nearest base unit.
Thu Jul 12 12:00:25 Footprint coords will be rounded to nearest base unit.
Thu Jul 12 12:00:25 Footprint coords will be rounded to nearest base unit.
Thu Jul 12 12:00:25 Footprint coords will be rounded to nearest base unit.
Thu Jul 12 12:00:25 Footprint coords will be rounded to nearest base unit.
Thu Jul 12 12:00:25 Footprint coords will be rounded to nearest base unit.
Thu Jul 12 12:00:25 Footprint coords will be rounded to nearest base unit.
Thu Jul 12 12:00:25 Footprint coords will be rounded to nearest base unit.
Thu Jul 12 12:00:25 Footprint coords will be rounded to nearest base unit.
Thu Jul 12 12:00:25 Footprint coords will be rounded to nearest base unit.
Thu Jul 12 12:00:25 Footprint coords will be rounded to nearest base unit.
Thu Jul 12 12:00:25 Loaded file C:\Program Files\Orcad\Layout_Plus\data\template.imp
Thu Jul 12 12:00:25 Footprint coords will be rounded to nearest base unit.
Thu Jul 12 12:00:25 Footprint coords will be rounded to nearest base unit.
Thu Jul 12 12:00:25 Footprint coords will be rounded to nearest base unit.
Thu Jul 12 12:00:25 Footprint coords will be rounded to nearest base unit.
Thu Jul 12 12:00:25 Footprint coords will be rounded to nearest base unit.
Thu Jul 12 12:00:25 Footprint coords will be rounded to nearest base unit.
Thu Jul 12 12:00:25 Footprint coords will be rounded to nearest base unit.
Thu Jul 12 12:00:25 Footprint coords will be rounded to nearest base unit.
Thu Jul 12 12:00:25 Footprint coords will be rounded to nearest base unit.
Thu Jul 12 12:00:25 Footprint coords will be rounded to nearest base unit.
Thu Jul 12 12:00:25 Footprint coords will be rounded to nearest base unit.
Thu Jul 12 12:00:25 Footprint coords will be rounded to nearest base unit.
Thu Jul 12 12:00:25 Loaded file C:\Program Files\Orcad\Layout_Plus\data\template.imp
Thu Jul 12 12:00:28 Loaded file C:\USERS\USER\DESKTOP\ORCAD 9.2 FULL CD + WEB UPDATES\LIBRARIES\LAYOUT\BCON100T.LLB
Thu Jul 12 12:00:29 Loaded file C:\USERS\USER\DESKTOP\ORCAD 9.2 FULL CD + WEB UPDATES\LIBRARIES\LAYOUT\TELE.LLB
Thu Jul 12 12:00:29 Loaded file C:\USERS\USER\DESKTOP\ORCAD 9.2 FULL CD + WEB UPDATES\LIBRARIES\LAYOUT\TM_AXIAL.LLB
Thu Jul 12 12:00:29 Loaded file C:\USERS\USER\DESKTOP\ORCAD 9.2 FULL CD + WEB UPDATES\LIBRARIES\LAYOUT\TM_CAP_P.LLB
Thu Jul 12 12:00:29 Loaded file C:\USERS\USER\DESKTOP\ORCAD 9.2 FULL CD + WEB UPDATES\LIBRARIES\LAYOUT\TM_CYLND.LLB
Thu Jul 12 12:00:31 Loaded file C:\Program Files\Orcad\Layout_Plus\data\template.imp
Thu Jul 12 12:00:32 Loaded file C:\Program Files\Orcad\Layout_Plus\data\template.imp
Thu Jul 12 12:00:32 Footprint coords will be rounded to nearest base unit.
Thu Jul 12 12:00:32 Footprint coords will be rounded to nearest base unit.
Thu Jul 12 12:00:32 Footprint coords will be rounded to nearest base unit.
Thu Jul 12 12:00:32 Footprint coords will be rounded to nearest base unit.
Thu Jul 12 12:00:32 Footprint coords will be rounded to nearest base unit.
Thu Jul 12 12:00:32 Footprint coords will be rounded to nearest base unit.
Thu Jul 12 12:00:32 Footprint coords will be rounded to nearest base unit.
Thu Jul 12 12:00:32 Footprint coords will be rounded to nearest base unit.
Thu Jul 12 12:00:32 Footprint coords will be rounded to nearest base unit.
Thu Jul 12 12:00:32 Footprint coords will be rounded to nearest base unit.
Thu Jul 12 12:01:15 Saved as file ~undo.max
Thu Jul 12 12:01:35 Saved as file I:\WATER MONITRING SYSTEM\WATER MONITORING SYSTEM.MAX
Thu Jul 12 12:01:36 Saved as file ~undo.max
Thu Jul 12 12:02:10 Saved as file BACKUP1.MAX
Thu Jul 12 12:02:39 Saved as file I:\WATER MONITRING SYSTEM\WATER MONITORING SYSTEM.MAX
Thu Jul 12 12:03:25 Saved as file I:\WATER MONITRING SYSTEM\WATER MONITORING SYSTEM.MAX
Thu Jul 12 12:11:55 Saved as file ~undo.max
Thu Jul 12 12:12:10 Saved as file BACKUP1.MAX
Thu Jul 12 12:22:11 Saved as file BACKUP1.MAX
Thu Jul 12 12:32:11 Saved as file BACKUP1.MAX
Thu Jul 12 12:42:11 Saved as file BACKUP1.MAX
Thu Jul 12 12:50:33 Saved as file ~undo.max
Thu Jul 12 12:52:11 Saved as file BACKUP1.MAX
Thu Jul 12 13:00:20 Saved as file ~undo.max
Thu Jul 12 13:00:41 Saved as file ~undo.max
Thu Jul 12 13:02:03 Saved as file ~undo.max
Thu Jul 12 13:02:11 Saved as file BACKUP1.MAX
Thu Jul 12 13:03:26 Saved as file ~undo.max
Thu Jul 12 13:05:42 Saved as file ~undo.max
Thu Jul 12 13:06:01 Saved as file ~undo.max
Thu Jul 12 13:06:14 Saved as file I:\WATER MONITRING SYSTEM\WATER MONITORING SYSTEM.MAX
Thu Jul 12 13:06:41 Saved as file I:\WATER MONITRING SYSTEM\WATER MONITORING SYSTEM.MAX
Thu Jul 12 13:49:34 Saved as file BACKUP1.MAX
Thu Jul 12 13:51:27 Saved as file ~undo.max
Thu Jul 12 13:53:42 Saved as file ~undo.max
Thu Jul 12 13:54:07 Saved as file ~undo.max
Thu Jul 12 13:56:20 Saved as file ~undo.max
Thu Jul 12 13:56:30 Saved as file ~undo.max
Thu Jul 12 13:56:44 Saved as file ~undo.max
Thu Jul 12 13:57:06 Saved as file ~undo.max
Thu Jul 12 13:58:25 Saved as file ~undo.max
Thu Jul 12 13:59:34 Saved as file BACKUP1.MAX
Thu Jul 12 13:59:50 Saved as file ~undo.max
Thu Jul 12 14:00:56 Saved as file ~undo.max
Thu Jul 12 14:01:38 Saved as file ~undo.max
Thu Jul 12 14:03:13 Saved as file ~undo.max
Thu Jul 12 14:03:32 Saved as file ~undo.max
Thu Jul 12 14:03:52 Saved as file ~undo.max
Thu Jul 12 14:06:21 Saved as file ~undo.max
Thu Jul 12 14:08:23 Saved as file ~undo.max
Thu Jul 12 14:08:37 Saved as file ~undo.max
Thu Jul 12 14:10:04 Saved as file BACKUP1.MAX
Thu Jul 12 14:10:26 Saved as file ~undo.max
Thu Jul 12 14:13:19 Saved as file ~undo.max
Thu Jul 12 14:15:01 Saved as file ~undo.max
Thu Jul 12 14:16:58 Saved as file ~undo.max
Thu Jul 12 14:17:56 Saved as file ~undo.max
Thu Jul 12 14:18:12 Saved as file ~undo.max
Thu Jul 12 14:19:27 Saved as file ~undo.max
Thu Jul 12 14:19:44 Saved as file ~undo.max
Thu Jul 12 14:20:28 Saved as file ~undo.max
Thu Jul 12 14:20:34 Saved as file BACKUP1.MAX
Thu Jul 12 14:25:26 Saved as file ~undo.max
Thu Jul 12 14:25:49 Saved as file I:\WATER MONITRING SYSTEM\WATER MONITORING SYSTEM.MAX
Thu Jul 12 14:26:31 Saved as file I:\WATER MONITRING SYSTEM\WATER MONITORING SYSTEM.MAX
Thu Jul 12 14:26:48 Saved as file ~undo.max
Thu Jul 12 14:27:21 Saved as file I:\WATER MONITRING SYSTEM\WATER MONITORING SYSTEM.MAX
Thu Jul 12 14:27:26 Saved as file I:\WATER MONITRING SYSTEM\WATER MONITORING SYSTEM.MAX
Thu Jul 12 14:28:34 Saved as file I:\WATER MONITRING SYSTEM\WATER MONITORING SYSTEM.MAX
Thu Jul 12 14:28:36 Saved as file I:\WATER MONITRING SYSTEM\WATER MONITORING SYSTEM.MAX
Thu Jul 12 14:28:43 Saved as file I:\WATER MONITRING SYSTEM\WATER MONITORING SYSTEM.MAX
Thu Jul 12 14:33:04 Saved as file BACKUP1.MAX
Thu Jul 12 14:43:34 Saved as file BACKUP1.MAX
Thu Jul 12 14:54:04 Saved as file BACKUP1.MAX
Thu Jul 12 15:09:40 Saved as file BACKUP1.MAX
Thu Jul 12 15:19:40 Saved as file BACKUP1.MAX
Thu Jul 12 15:30:10 Saved as file BACKUP1.MAX
Thu Jul 12 15:40:40 Saved as file BACKUP1.MAX
Thu Jul 12 15:50:40 Saved as file BACKUP1.MAX
Thu Jul 12 16:00:40 Saved as file BACKUP1.MAX
Thu Jul 12 16:10:40 Saved as file BACKUP1.MAX
Thu Jul 12 16:20:40 Saved as file BACKUP1.MAX
Thu Jul 12 16:27:05 Saved as file I:\WATER MONITRING SYSTEM\WATER MONITORING SYSTEM.MAX
Fri Jul 13 15:47:38 Saved as file BACKUP1.MAX
Fri Jul 13 15:47:38 Saved as file I:\WATER MONITRING SYSTEM\WATER MONITORING SYSTEM.MAX
Fri Jul 13 15:47:39 UserDiv from Layout.INI for AutoECO: 60
Fri Jul 13 15:47:39 Loaded file I:\WATER MONITRING SYSTEM\WATER MONITORING SYSTEM.MAX
Fri Jul 13 15:47:39 Loaded file C:\USERS\USER\DESKTOP\ORCAD 9.2 FULL CD + WEB UPDATES\LIBRARIES\LAYOUT\BCON100T.LLB
Fri Jul 13 15:47:39 Loaded file C:\USERS\USER\DESKTOP\ORCAD 9.2 FULL CD + WEB UPDATES\LIBRARIES\LAYOUT\BCON156T.LLB
Fri Jul 13 15:47:39 Loaded file C:\USERS\USER\DESKTOP\ORCAD 9.2 FULL CD + WEB UPDATES\LIBRARIES\LAYOUT\BGA.LLB
Fri Jul 13 15:47:39 Loaded file C:\USERS\USER\DESKTOP\ORCAD 9.2 FULL CD + WEB UPDATES\LIBRARIES\LAYOUT\CAPACITORS.LLB
Fri Jul 13 15:47:39 Loaded file C:\USERS\USER\DESKTOP\ORCAD 9.2 FULL CD + WEB UPDATES\LIBRARIES\LAYOUT\CLCC.LLB
Fri Jul 13 15:47:39 Loaded file C:\USERS\USER\DESKTOP\ORCAD 9.2 FULL CD + WEB UPDATES\LIBRARIES\LAYOUT\CONNECTOR.LLB
Fri Jul 13 15:47:39 Loaded file C:\USERS\USER\DESKTOP\ORCAD 9.2 FULL CD + WEB UPDATES\LIBRARIES\LAYOUT\DCON050T.LLB
Fri Jul 13 15:47:39 Loaded file C:\USERS\USER\DESKTOP\ORCAD 9.2 FULL CD + WEB UPDATES\LIBRARIES\LAYOUT\DCON085T.LLB
Fri Jul 13 15:47:39 Loaded file C:\USERS\USER\DESKTOP\ORCAD 9.2 FULL CD + WEB UPDATES\LIBRARIES\LAYOUT\DIMM050F.LLB
Fri Jul 13 15:47:39 Loaded file C:\USERS\USER\DESKTOP\ORCAD 9.2 FULL CD + WEB UPDATES\LIBRARIES\LAYOUT\DIMM050T.LLB
Fri Jul 13 15:47:39 Loaded file C:\USERS\USER\DESKTOP\ORCAD 9.2 FULL CD + WEB UPDATES\LIBRARIES\LAYOUT\DIN.LLB
Fri Jul 13 15:47:39 Loaded file C:\USERS\USER\DESKTOP\ORCAD 9.2 FULL CD + WEB UPDATES\LIBRARIES\LAYOUT\DIODES.LLB
Fri Jul 13 15:47:39 Loaded file C:\USERS\USER\DESKTOP\ORCAD 9.2 FULL CD + WEB UPDATES\LIBRARIES\LAYOUT\DIP100B.LLB
Fri Jul 13 15:47:39 Loaded file C:\USERS\USER\DESKTOP\ORCAD 9.2 FULL CD + WEB UPDATES\LIBRARIES\LAYOUT\DIP100T.LLB
Fri Jul 13 15:47:39 Loaded file C:\USERS\USER\DESKTOP\ORCAD 9.2 FULL CD + WEB UPDATES\LIBRARIES\LAYOUT\DSUBT.LLB
Fri Jul 13 15:47:40 Loaded file C:\USERS\USER\DESKTOP\ORCAD 9.2 FULL CD + WEB UPDATES\LIBRARIES\LAYOUT\DSUBT_HD.LLB
Fri Jul 13 15:47:40 Loaded file C:\USERS\USER\DESKTOP\ORCAD 9.2 FULL CD + WEB UPDATES\LIBRARIES\LAYOUT\ECON100T.LLB
Fri Jul 13 15:47:40 Loaded file C:\USERS\USER\DESKTOP\ORCAD 9.2 FULL CD + WEB UPDATES\LIBRARIES\LAYOUT\EMPTY.LLB
Fri Jul 13 15:47:40 Loaded file C:\USERS\USER\DESKTOP\ORCAD 9.2 FULL CD + WEB UPDATES\LIBRARIES\LAYOUT\EX_GUI.LLB
Fri Jul 13 15:47:40 Loaded file C:\USERS\USER\DESKTOP\ORCAD 9.2 FULL CD + WEB UPDATES\LIBRARIES\LAYOUT\FBUS.LLB
Fri Jul 13 15:47:40 Loaded file C:\USERS\USER\DESKTOP\ORCAD 9.2 FULL CD + WEB UPDATES\LIBRARIES\LAYOUT\FOOTERS.LLB
Fri Jul 13 15:47:40 Loaded file C:\USERS\USER\DESKTOP\ORCAD 9.2 FULL CD + WEB UPDATES\LIBRARIES\LAYOUT\ISA.LLB
Fri Jul 13 15:47:40 Loaded file C:\USERS\USER\DESKTOP\ORCAD 9.2 FULL CD + WEB UPDATES\LIBRARIES\LAYOUT\JUMPER.LLB
Fri Jul 13 15:47:40 Loaded file C:\USERS\USER\DESKTOP\ORCAD 9.2 FULL CD + WEB UPDATES\LIBRARIES\LAYOUT\LAYOUT.LLB
Fri Jul 13 15:47:40 Loaded file C:\USERS\USER\DESKTOP\ORCAD 9.2 FULL CD + WEB UPDATES\LIBRARIES\LAYOUT\LCON100T.LLB
Fri Jul 13 15:47:40 Loaded file C:\USERS\USER\DESKTOP\ORCAD 9.2 FULL CD + WEB UPDATES\LIBRARIES\LAYOUT\METRIC.LLB
Fri Jul 13 15:47:40 Loaded file C:\USERS\USER\DESKTOP\ORCAD 9.2 FULL CD + WEB UPDATES\LIBRARIES\LAYOUT\NEO.LLB
Fri Jul 13 15:47:40 Loaded file C:\USERS\USER\DESKTOP\ORCAD 9.2 FULL CD + WEB UPDATES\LIBRARIES\LAYOUT\PADSTACK.LLB
Fri Jul 13 15:47:40 Loaded file C:\USERS\USER\DESKTOP\ORCAD 9.2 FULL CD + WEB UPDATES\LIBRARIES\LAYOUT\PC104.LLB
Fri Jul 13 15:47:40 Loaded file C:\USERS\USER\DESKTOP\ORCAD 9.2 FULL CD + WEB UPDATES\LIBRARIES\LAYOUT\PCI.LLB
Fri Jul 13 15:47:40 Loaded file C:\USERS\USER\DESKTOP\ORCAD 9.2 FULL CD + WEB UPDATES\LIBRARIES\LAYOUT\PCON100T.LLB
Fri Jul 13 15:47:40 Loaded file C:\USERS\USER\DESKTOP\ORCAD 9.2 FULL CD + WEB UPDATES\LIBRARIES\LAYOUT\PCON156T.LLB
Fri Jul 13 15:47:40 Loaded file C:\USERS\USER\DESKTOP\ORCAD 9.2 FULL CD + WEB UPDATES\LIBRARIES\LAYOUT\PGA.LLB
Fri Jul 13 15:47:40 Loaded file C:\USERS\USER\DESKTOP\ORCAD 9.2 FULL CD + WEB UPDATES\LIBRARIES\LAYOUT\PLCC.LLB
Fri Jul 13 15:47:40 Loaded file C:\USERS\USER\DESKTOP\ORCAD 9.2 FULL CD + WEB UPDATES\LIBRARIES\LAYOUT\QUAD.LLB
Fri Jul 13 15:47:41 Loaded file C:\USERS\USER\DESKTOP\ORCAD 9.2 FULL CD + WEB UPDATES\LIBRARIES\LAYOUT\QUADB.LLB
Fri Jul 13 15:47:41 Loaded file C:\USERS\USER\DESKTOP\ORCAD 9.2 FULL CD + WEB UPDATES\LIBRARIES\LAYOUT\REGULATORS.LLB
Fri Jul 13 15:47:41 Loaded file C:\USERS\USER\DESKTOP\ORCAD 9.2 FULL CD + WEB UPDATES\LIBRARIES\LAYOUT\RELAY.LLB
Fri Jul 13 15:47:41 Loaded file C:\USERS\USER\DESKTOP\ORCAD 9.2 FULL CD + WEB UPDATES\LIBRARIES\LAYOUT\RESISTORS.LLB
Fri Jul 13 15:47:41 Loaded file C:\USERS\USER\DESKTOP\ORCAD 9.2 FULL CD + WEB UPDATES\LIBRARIES\LAYOUT\RF.LLB
Fri Jul 13 15:47:41 Loaded file C:\USERS\USER\DESKTOP\ORCAD 9.2 FULL CD + WEB UPDATES\LIBRARIES\LAYOUT\SBUS.LLB
Fri Jul 13 15:47:41 Loaded file C:\USERS\USER\DESKTOP\ORCAD 9.2 FULL CD + WEB UPDATES\LIBRARIES\LAYOUT\SIMM050F.LLB
Fri Jul 13 15:47:41 Loaded file C:\USERS\USER\DESKTOP\ORCAD 9.2 FULL CD + WEB UPDATES\LIBRARIES\LAYOUT\SIMM050T.LLB
Fri Jul 13 15:47:41 Loaded file C:\USERS\USER\DESKTOP\ORCAD 9.2 FULL CD + WEB UPDATES\LIBRARIES\LAYOUT\SIMM100F.LLB
Fri Jul 13 15:47:41 Loaded file C:\USERS\USER\DESKTOP\ORCAD 9.2 FULL CD + WEB UPDATES\LIBRARIES\LAYOUT\SIMM100T.LLB
Fri Jul 13 15:47:41 Loaded file C:\USERS\USER\DESKTOP\ORCAD 9.2 FULL CD + WEB UPDATES\LIBRARIES\LAYOUT\SIP.LLB
Fri Jul 13 15:47:41 Loaded file C:\USERS\USER\DESKTOP\ORCAD 9.2 FULL CD + WEB UPDATES\LIBRARIES\LAYOUT\SM.LLB
Fri Jul 13 15:47:41 Loaded file C:\USERS\USER\DESKTOP\ORCAD 9.2 FULL CD + WEB UPDATES\LIBRARIES\LAYOUT\SOG.LLB
Fri Jul 13 15:47:41 Loaded file C:\USERS\USER\DESKTOP\ORCAD 9.2 FULL CD + WEB UPDATES\LIBRARIES\LAYOUT\SOJ.LLB
Fri Jul 13 15:47:41 Loaded file C:\USERS\USER\DESKTOP\ORCAD 9.2 FULL CD + WEB UPDATES\LIBRARIES\LAYOUT\STIFF.LLB
Fri Jul 13 15:47:41 Loaded file C:\USERS\USER\DESKTOP\ORCAD 9.2 FULL CD + WEB UPDATES\LIBRARIES\LAYOUT\SWITCH.LLB
Fri Jul 13 15:47:41 Loaded file C:\USERS\USER\DESKTOP\ORCAD 9.2 FULL CD + WEB UPDATES\LIBRARIES\LAYOUT\TELE.LLB
Fri Jul 13 15:47:41 Loaded file C:\USERS\USER\DESKTOP\ORCAD 9.2 FULL CD + WEB UPDATES\LIBRARIES\LAYOUT\TM_AXIAL.LLB
Fri Jul 13 15:47:41 Loaded file C:\USERS\USER\DESKTOP\ORCAD 9.2 FULL CD + WEB UPDATES\LIBRARIES\LAYOUT\TM_CAP_P.LLB
Fri Jul 13 15:47:41 Loaded file C:\USERS\USER\DESKTOP\ORCAD 9.2 FULL CD + WEB UPDATES\LIBRARIES\LAYOUT\TM_CYLND.LLB
Fri Jul 13 15:47:41 Loaded file C:\USERS\USER\DESKTOP\ORCAD 9.2 FULL CD + WEB UPDATES\LIBRARIES\LAYOUT\TM_DIODE.LLB
Fri Jul 13 15:47:41 Loaded file C:\USERS\USER\DESKTOP\ORCAD 9.2 FULL CD + WEB UPDATES\LIBRARIES\LAYOUT\TM_DISC.LLB
Fri Jul 13 15:47:41 Loaded file C:\USERS\USER\DESKTOP\ORCAD 9.2 FULL CD + WEB UPDATES\LIBRARIES\LAYOUT\TM_RAD.LLB
Fri Jul 13 15:47:41 Loaded file C:\USERS\USER\DESKTOP\ORCAD 9.2 FULL CD + WEB UPDATES\LIBRARIES\LAYOUT\TO.LLB
Fri Jul 13 15:47:41 Loaded file C:\USERS\USER\DESKTOP\ORCAD 9.2 FULL CD + WEB UPDATES\LIBRARIES\LAYOUT\TRAINING.LLB
Fri Jul 13 15:47:42 Loaded file C:\USERS\USER\DESKTOP\ORCAD 9.2 FULL CD + WEB UPDATES\LIBRARIES\LAYOUT\TRANSISTORS.LLB
Fri Jul 13 15:47:42 Loaded file C:\USERS\USER\DESKTOP\ORCAD 9.2 FULL CD + WEB UPDATES\LIBRARIES\LAYOUT\VRES.LLB
Fri Jul 13 15:47:42 Loaded file C:\USERS\USER\DESKTOP\ORCAD 9.2 FULL CD + WEB UPDATES\LIBRARIES\LAYOUT\WCON100T.LLB
Fri Jul 13 15:47:42 Loaded file C:\USERS\USER\DESKTOP\ORCAD 9.2 FULL CD + WEB UPDATES\LIBRARIES\LAYOUT\XT.LLB
Fri Jul 13 15:47:42 Loaded file C:\USERS\USER\DESKTOP\ORCAD 9.2 FULL CD + WEB UPDATES\LIBRARIES\LAYOUT\ZIGBEE.LLB
Fri Jul 13 15:47:42 Loaded file C:\USERS\USER\DESKTOP\ORCAD 9.2 FULL CD + WEB UPDATES\LIBRARIES\LAYOUT\ZIGZAG.LLB
Fri Jul 13 15:47:55 Loaded file C:\PROGRAM FILES\ORCAD\LAYOUT_PLUS\data\template.imp
Fri Jul 13 15:47:55 Loaded file C:\PROGRAM FILES\ORCAD\LAYOUT_PLUS\data\template.imp
Fri Jul 13 15:47:59 Loaded file C:\USERS\USER\DESKTOP\ORCAD 9.2 FULL CD + WEB UPDATES\LIBRARIES\LAYOUT\CAPACITORS.LLB
Fri Jul 13 15:48:07 Loaded file C:\USERS\USER\DESKTOP\ORCAD 9.2 FULL CD + WEB UPDATES\LIBRARIES\LAYOUT\TELE.LLB
Fri Jul 13 15:48:09 Loaded file C:\USERS\USER\DESKTOP\ORCAD 9.2 FULL CD + WEB UPDATES\LIBRARIES\LAYOUT\TM_AXIAL.LLB
Fri Jul 13 15:48:09 Loaded file C:\USERS\USER\DESKTOP\ORCAD 9.2 FULL CD + WEB UPDATES\LIBRARIES\LAYOUT\TM_CAP_P.LLB
Fri Jul 13 15:48:10 Loaded file C:\USERS\USER\DESKTOP\ORCAD 9.2 FULL CD + WEB UPDATES\LIBRARIES\LAYOUT\TM_CYLND.LLB
Fri Jul 13 15:48:10 Loaded file C:\USERS\USER\DESKTOP\ORCAD 9.2 FULL CD + WEB UPDATES\LIBRARIES\LAYOUT\TM_DIODE.LLB
Fri Jul 13 15:48:10 Loaded file C:\USERS\USER\DESKTOP\ORCAD 9.2 FULL CD + WEB UPDATES\LIBRARIES\LAYOUT\TM_DISC.LLB
Fri Jul 13 15:48:10 Loaded file C:\USERS\USER\DESKTOP\ORCAD 9.2 FULL CD + WEB UPDATES\LIBRARIES\LAYOUT\TM_RAD.LLB
Fri Jul 13 15:48:11 Loaded file C:\USERS\USER\DESKTOP\ORCAD 9.2 FULL CD + WEB UPDATES\LIBRARIES\LAYOUT\TO.LLB
Fri Jul 13 15:48:11 Loaded file C:\USERS\USER\DESKTOP\ORCAD 9.2 FULL CD + WEB UPDATES\LIBRARIES\LAYOUT\TRAINING.LLB
Fri Jul 13 15:48:12 Loaded file C:\USERS\USER\DESKTOP\ORCAD 9.2 FULL CD + WEB UPDATES\LIBRARIES\LAYOUT\TRANSISTORS.LLB
Fri Jul 13 15:48:14 Loaded file C:\PROGRAM FILES\ORCAD\LAYOUT_PLUS\data\template.imp
Fri Jul 13 15:48:15 Loaded file C:\USERS\USER\DESKTOP\ORCAD 9.2 FULL CD + WEB UPDATES\LIBRARIES\LAYOUT\TRANSISTORS.LLB
Fri Jul 13 15:48:15 Footprint coords will be rounded to nearest base unit.
Fri Jul 13 15:48:15 Footprint coords will be rounded to nearest base unit.
Fri Jul 13 15:48:15 Footprint coords will be rounded to nearest base unit.
Fri Jul 13 15:48:15 Footprint coords will be rounded to nearest base unit.
Fri Jul 13 15:48:15 Footprint coords will be rounded to nearest base unit.
Fri Jul 13 15:48:15 Footprint coords will be rounded to nearest base unit.
Fri Jul 13 15:48:16 Footprint coords will be rounded to nearest base unit.
Fri Jul 13 15:48:16 Footprint coords will be rounded to nearest base unit.
Fri Jul 13 15:48:16 Footprint coords will be rounded to nearest base unit.
Fri Jul 13 15:48:16 Footprint coords will be rounded to nearest base unit.
Fri Jul 13 15:48:16 Footprint coords will be rounded to nearest base unit.
Fri Jul 13 15:48:16 Footprint coords will be rounded to nearest base unit.
Fri Jul 13 15:48:16 Footprint coords will be rounded to nearest base unit.
Fri Jul 13 15:48:16 Footprint coords will be rounded to nearest base unit.
Fri Jul 13 15:48:16 Footprint coords will be rounded to nearest base unit.
Fri Jul 13 15:48:16 Saved as file I:\WATER MONITRING SYSTEM\WATER MONITORING SYSTEM.MAX
Fri Jul 13 15:48:16 Loaded file I:\WATER MONITRING SYSTEM\WATER MONITORING SYSTEM.MAX
Fri Jul 13 15:55:21 Saved as file ~undo.max
Fri Jul 13 15:58:50 Saved as file ~undo.max
Fri Jul 13 15:59:55 Saved as file ~undo.max
Fri Jul 13 16:01:39 Saved as file ~undo.max
Fri Jul 13 16:02:10 Saved as file BACKUP1.MAX
Fri Jul 13 16:02:30 Saved as file ~undo.max
Fri Jul 13 16:04:31 Saved as file ~undo.max
Fri Jul 13 16:04:59 Saved as file ~undo.max
Fri Jul 13 16:05:19 Saved as file ~undo.max
Fri Jul 13 16:05:31 Saved as file ~undo.max
Fri Jul 13 16:05:54 Saved as file ~undo.max
Fri Jul 13 16:06:35 Saved as file ~undo.max
Fri Jul 13 16:06:58 Saved as file ~undo.max
Fri Jul 13 16:08:00 Saved as file ~undo.max
Fri Jul 13 16:08:26 Saved as file ~undo.max
Fri Jul 13 16:08:48 Saved as file I:\WATER MONITRING SYSTEM\WATER MONITORING SYSTEM.MAX
Fri Jul 13 16:09:08 Saved as file I:\WATER MONITRING SYSTEM\WATER MONITORING SYSTEM.MAX
Fri Jul 13 16:09:22 Saved as file I:\WATER MONITRING SYSTEM\WATER MONITORING SYSTEM.MAX
Sat Jul 14 12:34:07 Saved as file BACKUP1.MAX
Sat Jul 14 12:44:37 Saved as file BACKUP1.MAX
Sat Jul 14 12:55:07 Saved as file BACKUP1.MAX
Sat Jul 14 13:07:07 Saved as file BACKUP1.MAX
Sat Jul 14 13:47:29 Saved as file BACKUP1.MAX
Sat Jul 14 14:08:16 Saved as file BACKUP1.MAX
Sat Jul 14 14:18:46 Saved as file BACKUP1.MAX
Sat Jul 14 14:29:16 Saved as file BACKUP1.MAX
Sat Jul 14 14:39:46 Saved as file BACKUP1.MAX
Sat Jul 14 14:50:16 Saved as file BACKUP1.MAX
Sat Jul 14 15:00:46 Saved as file BACKUP1.MAX
Sat Jul 14 15:11:16 Saved as file BACKUP1.MAX
Sat Jul 14 15:21:46 Saved as file BACKUP1.MAX
Sat Jul 14 15:25:30 Saved as file BACKUP1.MAX
Sat Jul 14 15:32:16 Saved as file BACKUP1.MAX
Sat Jul 14 15:36:00 Saved as file BACKUP1.MAX
Sat Jul 14 15:42:46 Saved as file BACKUP1.MAX
Sat Jul 14 15:43:28 Saved as file BACKUP1.MAX
Sat Jul 14 15:43:44 Saved as file BACKUP1.MAX
Sat Jul 14 15:46:30 Saved as file BACKUP1.MAX
Sat Jul 14 15:53:16 Saved as file BACKUP1.MAX
Sat Jul 14 15:53:57 Saved as file BACKUP1.MAX
Sat Jul 14 15:54:14 Saved as file BACKUP1.MAX
Sat Jul 14 15:57:00 Saved as file BACKUP1.MAX
Sat Jul 14 16:03:46 Saved as file BACKUP1.MAX
Sat Jul 14 16:04:28 Saved as file BACKUP1.MAX
Sat Jul 14 16:04:44 Saved as file BACKUP1.MAX
Sat Jul 14 16:07:30 Saved as file BACKUP1.MAX
Sat Jul 14 16:14:16 Saved as file BACKUP1.MAX
Sat Jul 14 16:14:57 Saved as file BACKUP1.MAX
Sat Jul 14 16:15:14 Saved as file BACKUP1.MAX
Sat Jul 14 16:18:00 Saved as file BACKUP1.MAX
Sat Jul 14 16:24:46 Saved as file BACKUP1.MAX
Sat Jul 14 16:25:27 Saved as file BACKUP1.MAX
Sat Jul 14 16:25:44 Saved as file BACKUP1.MAX
Sat Jul 14 16:28:30 Saved as file BACKUP1.MAX
Sat Jul 14 16:31:56 Saved as file I:\WATER MONITRING SYSTEM\WATER MONITORING SYSTEM.MAX
Sat Jul 14 16:32:23 Saved as file I:\WATER MONITRING SYSTEM\WATER MONITORING SYSTEM.MAX
